This is pdfTeX, Version 3.141592653-2.6-1.40.24 (TeX Live 2022) (preloaded format=pdflatex 2022.9.15)  11 DEC 2022 20:10
entering extended mode
 restricted \write18 enabled.
 %&-line parsing enabled.
**refman.tex
(./refman.tex
LaTeX2e <2022-06-01> patch level 5
L3 programming layer <2022-08-30>
(c:/texlive/2022/texmf-dist/tex/latex/base/book.cls
Document Class: book 2021/10/04 v1.4n Standard LaTeX document class
(c:/texlive/2022/texmf-dist/tex/latex/base/bk10.clo
File: bk10.clo 2021/10/04 v1.4n Standard LaTeX file (size option)
)
\c@part=\count185
\c@chapter=\count186
\c@section=\count187
\c@subsection=\count188
\c@subsubsection=\count189
\c@paragraph=\count190
\c@subparagraph=\count191
\c@figure=\count192
\c@table=\count193
\abovecaptionskip=\skip47
\belowcaptionskip=\skip48
\bibindent=\dimen138
)
(c:/texlive/2022/texmf-dist/tex/latex/base/ifthen.sty
Package: ifthen 2022/04/13 v1.1d Standard LaTeX ifthen package (DPC)
)
(c:/texlive/2022/texmf-dist/tex/latex/tools/array.sty
Rollback for package 'array' requested -> date 2016-10-06.
         Best approximation is the release introduced on 2016-10-06.

(c:/texlive/2022/texmf-dist/tex/latex/tools/array-2016-10-06.sty
Package: array 2016/10/06 v2.4d Tabular extension package (FMi)
\col@sep=\dimen139
\extrarowheight=\dimen140
\NC@list=\toks16
\extratabsurround=\skip49
\backup@length=\skip50
))
(c:/texlive/2022/texmf-dist/tex/latex/base/fixltx2e.sty
Package: fixltx2e 2016/12/29 v2.1a fixes to LaTeX (obsolete)
Applying: [2015/01/01] Old fixltx2e package on input line 46.


Package fixltx2e Warning: fixltx2e is not required with releases after 2015
(fixltx2e)                All fixes are now in the LaTeX kernel.
(fixltx2e)                See the latexrelease package for details.

Already applied: [0000/00/00] Old fixltx2e package on input line 53.
) (./doxygen.sty
Package: doxygen 
 (c:/texlive/2022/texmf-dist/tex/latex/base/alltt.sty
Package: alltt 2021/01/29 v2.0g defines alltt environment
)
(c:/texlive/2022/texmf-dist/tex/latex/tools/calc.sty
Package: calc 2017/05/25 v4.3 Infix arithmetic (KKT,FJ)
\calc@Acount=\count194
\calc@Bcount=\count195
\calc@Adimen=\dimen141
\calc@Bdimen=\dimen142
\calc@Askip=\skip51
\calc@Bskip=\skip52
LaTeX Info: Redefining \setlength on input line 80.
LaTeX Info: Redefining \addtolength on input line 81.
\calc@Ccount=\count196
\calc@Cskip=\skip53
)
(c:/texlive/2022/texmf-dist/tex/latex/float/float.sty
Package: float 2001/11/08 v1.3d Float enhancements (AL)
\c@float@type=\count197
\float@exts=\toks17
\float@box=\box51
\@float@everytoks=\toks18
\@floatcapt=\box52
)
(c:/texlive/2022/texmf-dist/tex/latex/tools/verbatim.sty
Package: verbatim 2020-07-07 v1.5u LaTeX2e package for verbatim enhancements
\every@verbatim=\toks19
\verbatim@line=\toks20
\verbatim@in@stream=\read2
)
(c:/texlive/2022/texmf-dist/tex/latex/xcolor/xcolor.sty
Package: xcolor 2022/06/12 v2.14 LaTeX color extensions (UK)

(c:/texlive/2022/texmf-dist/tex/latex/graphics-cfg/color.cfg
File: color.cfg 2016/01/02 v1.6 sample color configuration
)
Package xcolor Info: Driver file: pdftex.def on input line 227.

(c:/texlive/2022/texmf-dist/tex/latex/graphics-def/pdftex.def
File: pdftex.def 2020/10/05 v1.2a Graphics/color driver for pdftex
)
(c:/texlive/2022/texmf-dist/tex/latex/colortbl/colortbl.sty
Package: colortbl 2022/06/20 v1.0f Color table columns (DPC)
\everycr=\toks21
\minrowclearance=\skip54
\rownum=\count198
)
(c:/texlive/2022/texmf-dist/tex/latex/graphics/mathcolor.ltx)
Package xcolor Info: Model `cmy' substituted by `cmy0' on input line 1353.
Package xcolor Info: Model `hsb' substituted by `rgb' on input line 1357.
Package xcolor Info: Model `RGB' extended on input line 1369.
Package xcolor Info: Model `HTML' substituted by `rgb' on input line 1371.
Package xcolor Info: Model `Hsb' substituted by `hsb' on input line 1372.
Package xcolor Info: Model `tHsb' substituted by `hsb' on input line 1373.
Package xcolor Info: Model `HSB' substituted by `hsb' on input line 1374.
Package xcolor Info: Model `Gray' substituted by `gray' on input line 1375.
Package xcolor Info: Model `wave' substituted by `hsb' on input line 1376.
)
(./longtable_doxygen.sty
Package: longtable_doxygen 2014/10/28 v4.11 Multi-page Table package (DPC) - fr
ozen version for doxygen
\LTleft=\skip55
\LTright=\skip56
\LTpre=\skip57
\LTpost=\skip58
\LTchunksize=\count199
\LTcapwidth=\dimen143
\LT@head=\box53
\LT@firsthead=\box54
\LT@foot=\box55
\LT@lastfoot=\box56
\LT@cols=\count266
\LT@rows=\count267
\c@LT@tables=\count268
\c@LT@chunks=\count269
\LT@p@ftn=\toks22
) (./tabu_doxygen.sty
Package: tabu_doxygen 2011/02/26 v2.8 - flexible LaTeX tabulars (FC), frozen ve
rsion for doxygen

(c:/texlive/2022/texmf-dist/tex/latex/varwidth/varwidth.sty
Package: varwidth 2009/03/30 ver 0.92;  Variable-width minipages
\@vwid@box=\box57
\sift@deathcycles=\count270
\@vwid@loff=\dimen144
\@vwid@roff=\dimen145
)
\c@taburow=\count271
\tabu@nbcols=\count272
\tabu@cnt=\count273
\tabu@Xcol=\count274
\tabu@alloc=\count275
\tabu@nested=\count276
\tabu@target=\dimen146
\tabu@spreadtarget=\dimen147
\tabu@naturalX=\dimen148
\tabucolX=\dimen149
\tabu@Xsum=\dimen150
\extrarowdepth=\dimen151
\abovetabulinesep=\dimen152
\belowtabulinesep=\dimen153
\tabustrutrule=\dimen154
\tabu@thebody=\toks23
\tabu@footnotes=\toks24
\tabu@box=\box58
\tabu@arstrutbox=\box59
\tabu@hleads=\box60
\tabu@vleads=\box61
\tabu@cellskip=\skip59
)
(c:/texlive/2022/texmf-dist/tex/latex/fancyvrb/fancyvrb.sty
Package: fancyvrb 2022/06/06 4.5 verbatim text (tvz,hv)

(c:/texlive/2022/texmf-dist/tex/latex/graphics/keyval.sty
Package: keyval 2022/05/29 v1.15 key=value parser (DPC)
\KV@toks@=\toks25
)
\FV@CodeLineNo=\count277
\FV@InFile=\read3
\FV@TabBox=\box62
\c@FancyVerbLine=\count278
\FV@StepNumber=\count279
\FV@OutFile=\write3
)
(c:/texlive/2022/texmf-dist/tex/latex/tools/tabularx.sty
Package: tabularx 2020/01/15 v2.11c `tabularx' package (DPC)
\TX@col@width=\dimen155
\TX@old@table=\dimen156
\TX@old@col=\dimen157
\TX@target=\dimen158
\TX@delta=\dimen159
\TX@cols=\count280
\TX@ftn=\toks26
)
(c:/texlive/2022/texmf-dist/tex/latex/tools/multicol.sty
Package: multicol 2021/11/30 v1.9d multicolumn formatting (FMi)
\c@tracingmulticols=\count281
\mult@box=\box63
\multicol@leftmargin=\dimen160
\c@unbalance=\count282
\c@collectmore=\count283
\doublecol@number=\count284
\multicoltolerance=\count285
\multicolpretolerance=\count286
\full@width=\dimen161
\page@free=\dimen162
\premulticols=\dimen163
\postmulticols=\dimen164
\multicolsep=\skip60
\multicolbaselineskip=\skip61
\partial@page=\box64
\last@line=\box65
\maxbalancingoverflow=\dimen165
\mult@rightbox=\box66
\mult@grightbox=\box67
\mult@firstbox=\box68
\mult@gfirstbox=\box69
\@tempa=\box70
\@tempa=\box71
\@tempa=\box72
\@tempa=\box73
\@tempa=\box74
\@tempa=\box75
\@tempa=\box76
\@tempa=\box77
\@tempa=\box78
\@tempa=\box79
\@tempa=\box80
\@tempa=\box81
\@tempa=\box82
\@tempa=\box83
\@tempa=\box84
\@tempa=\box85
\@tempa=\box86
\@tempa=\box87
\@tempa=\box88
\@tempa=\box89
\@tempa=\box90
\@tempa=\box91
\@tempa=\box92
\@tempa=\box93
\@tempa=\box94
\@tempa=\box95
\@tempa=\box96
\@tempa=\box97
\@tempa=\box98
\@tempa=\box99
\@tempa=\box100
\@tempa=\box101
\@tempa=\box102
\@tempa=\box103
\@tempa=\box104
\@tempa=\box105
\c@minrows=\count287
\c@columnbadness=\count288
\c@finalcolumnbadness=\count289
\last@try=\dimen166
\multicolovershoot=\dimen167
\multicolundershoot=\dimen168
\mult@nat@firstbox=\box106
\colbreak@box=\box107
\mc@col@check@num=\count290
)
(c:/texlive/2022/texmf-dist/tex/latex/multirow/multirow.sty
Package: multirow 2021/03/15 v2.8 Span multiple rows of a table
\multirow@colwidth=\skip62
\multirow@cntb=\count291
\multirow@dima=\skip63
\bigstrutjot=\dimen169
)
(c:/texlive/2022/texmf-dist/tex/latex/hanging/hanging.sty
Package: hanging 2009/09/02 v1.2b hanging paragraphs and punctuation
\h@ngcommawd=\skip64
\h@ngfstopwd=\skip65
\h@ngquotewd=\skip66
\h@ngdquotewd=\skip67
\h@ngquerywd=\skip68
\h@ngexclwd=\skip69
\h@ngcolonwd=\skip70
\h@ngscolonwd=\skip71
)
(c:/texlive/2022/texmf-dist/tex/generic/iftex/ifpdf.sty
Package: ifpdf 2019/10/25 v3.4 ifpdf legacy package. Use iftex instead.

(c:/texlive/2022/texmf-dist/tex/generic/iftex/iftex.sty
Package: iftex 2022/02/03 v1.0f TeX engine tests
))
(c:/texlive/2022/texmf-dist/tex/latex/adjustbox/adjustbox.sty
Package: adjustbox 2020/08/19 v1.3 Adjusting TeX boxes (trim, clip, ...)

(c:/texlive/2022/texmf-dist/tex/latex/xkeyval/xkeyval.sty
Package: xkeyval 2022/06/16 v2.9 package option processing (HA)

(c:/texlive/2022/texmf-dist/tex/generic/xkeyval/xkeyval.tex
(c:/texlive/2022/texmf-dist/tex/generic/xkeyval/xkvutils.tex
\XKV@toks=\toks27
\XKV@tempa@toks=\toks28
)
\XKV@depth=\count292
File: xkeyval.tex 2014/12/03 v2.7a key=value parser (HA)
))
(c:/texlive/2022/texmf-dist/tex/latex/adjustbox/adjcalc.sty
Package: adjcalc 2012/05/16 v1.1 Provides advanced setlength with multiple back
-ends (calc, etex, pgfmath)
)
(c:/texlive/2022/texmf-dist/tex/latex/adjustbox/trimclip.sty
Package: trimclip 2020/08/19 v1.2 Trim and clip general TeX material

(c:/texlive/2022/texmf-dist/tex/latex/graphics/graphicx.sty
Package: graphicx 2021/09/16 v1.2d Enhanced LaTeX Graphics (DPC,SPQR)

(c:/texlive/2022/texmf-dist/tex/latex/graphics/graphics.sty
Package: graphics 2022/03/10 v1.4e Standard LaTeX Graphics (DPC,SPQR)

(c:/texlive/2022/texmf-dist/tex/latex/graphics/trig.sty
Package: trig 2021/08/11 v1.11 sin cos tan (DPC)
)
(c:/texlive/2022/texmf-dist/tex/latex/graphics-cfg/graphics.cfg
File: graphics.cfg 2016/06/04 v1.11 sample graphics configuration
)
Package graphics Info: Driver file: pdftex.def on input line 107.
)
\Gin@req@height=\dimen170
\Gin@req@width=\dimen171
)
(c:/texlive/2022/texmf-dist/tex/latex/collectbox/collectbox.sty
Package: collectbox 2012/05/17 v0.4b Collect macro arguments as boxes
\collectedbox=\box108
)
\tc@llx=\dimen172
\tc@lly=\dimen173
\tc@urx=\dimen174
\tc@ury=\dimen175
Package trimclip Info: Using driver 'tc-pdftex.def'.

(c:/texlive/2022/texmf-dist/tex/latex/adjustbox/tc-pdftex.def
File: tc-pdftex.def 2019/01/04 v2.2 Clipping driver for pdftex
))
\adjbox@Width=\dimen176
\adjbox@Height=\dimen177
\adjbox@Depth=\dimen178
\adjbox@Totalheight=\dimen179
\adjbox@pwidth=\dimen180
\adjbox@pheight=\dimen181
\adjbox@pdepth=\dimen182
\adjbox@ptotalheight=\dimen183

(c:/texlive/2022/texmf-dist/tex/latex/ifoddpage/ifoddpage.sty
Package: ifoddpage 2016/04/23 v1.1 Conditionals for odd/even page detection
\c@checkoddpage=\count293
))
(c:/texlive/2022/texmf-dist/tex/latex/amsfonts/amssymb.sty
Package: amssymb 2013/01/14 v3.01 AMS font symbols

(c:/texlive/2022/texmf-dist/tex/latex/amsfonts/amsfonts.sty
Package: amsfonts 2013/01/14 v3.01 Basic AMSFonts support
\@emptytoks=\toks29
\symAMSa=\mathgroup4
\symAMSb=\mathgroup5
LaTeX Font Info:    Redeclaring math symbol \hbar on input line 98.
LaTeX Font Info:    Overwriting math alphabet `\mathfrak' in version `bold'
(Font)                  U/euf/m/n --> U/euf/b/n on input line 106.
))
(c:/texlive/2022/texmf-dist/tex/latex/stackengine/stackengine.sty
Package: stackengine 2021/07/22 v4.11\ Stacking text and objects in convenient 
ways

(c:/texlive/2022/texmf-dist/tex/latex/etoolbox/etoolbox.sty
Package: etoolbox 2020/10/05 v2.5k e-TeX tools for LaTeX (JAW)
\etb@tempcnta=\count294
)
(c:/texlive/2022/texmf-dist/tex/generic/listofitems/listofitems.sty
(c:/texlive/2022/texmf-dist/tex/generic/listofitems/listofitems.tex
\loi_cnt_foreach_nest=\count295
\loi_nestcnt=\count296
)
Package: listofitems 2019/08/21 v1.63 Grab items in lists using user-specified 
sep char (CT)
)
\c@@stackindex=\count297
\@boxshift=\skip72
\stack@tmplength=\skip73
\temp@stkl=\skip74
\@stackedboxwidth=\skip75
\@addedbox=\box109
\@anchorbox=\box110
\@insetbox=\box111
\se@backgroundbox=\box112
\stackedbox=\box113
\@centerbox=\box114
\c@ROWcellindex@=\count298
)
(c:/texlive/2022/texmf-dist/tex/latex/enumitem/enumitem.sty
Package: enumitem 2019/06/20 v3.9 Customized lists
\labelindent=\skip76
\enit@outerparindent=\dimen184
\enit@toks=\toks30
\enit@inbox=\box115
\enit@count@id=\count299
\enitdp@description=\count300
)
(c:/texlive/2022/texmf-dist/tex/generic/alphalph/alphalph.sty
Package: alphalph 2019/12/09 v2.6 Convert numbers to letters (HO)

(c:/texlive/2022/texmf-dist/tex/generic/infwarerr/infwarerr.sty
Package: infwarerr 2019/12/03 v1.5 Providing info/warning/error messages (HO)
)
(c:/texlive/2022/texmf-dist/tex/generic/intcalc/intcalc.sty
Package: intcalc 2019/12/15 v1.3 Expandable calculations with integers (HO)
))
(c:/texlive/2022/texmf-dist/tex/generic/ulem/ulem.sty
\UL@box=\box116
\UL@hyphenbox=\box117
\UL@skip=\skip77
\UL@hook=\toks31
\UL@height=\dimen185
\UL@pe=\count301
\UL@pixel=\dimen186
\ULC@box=\box118
Package: ulem 2019/11/18
\ULdepth=\dimen187
)
\xrefbox=\box119
\xreflength=\skip78
\CodeWidthChar=\skip79
\CodeHeightChar=\skip80
\DoxyCodeWidth=\skip81
\c@DoxyEnumeratei=\count302
\c@DoxyEnumerateii=\count303
\c@DoxyEnumerateiii=\count304
\c@DoxyEnumerateiv=\count305
\c@DoxyEnumeratev=\count306
\c@DoxyEnumeratevi=\count307
\c@DoxyEnumeratevii=\count308
\c@DoxyEnumerateviii=\count309
\c@DoxyEnumerateix=\count310
\c@DoxyEnumeratex=\count311
\c@DoxyEnumeratexi=\count312
\c@DoxyEnumeratexii=\count313
\enitdp@DoxyEnumerate=\count314
\enitdp@DoxyItemize=\count315
)
(c:/texlive/2022/texmf-dist/tex/latex/base/inputenc.sty
Package: inputenc 2021/02/14 v1.3d Input encoding file
\inpenc@prehook=\toks32
\inpenc@posthook=\toks33
)
(c:/texlive/2022/texmf-dist/tex/latex/base/makeidx.sty
Package: makeidx 2021/10/04 v1.0m Standard LaTeX package
)
(c:/texlive/2022/texmf-dist/tex/latex/base/textcomp.sty
Package: textcomp 2020/02/02 v2.0n Standard LaTeX package
)
(c:/texlive/2022/texmf-dist/tex/latex/wasysym/wasysym.sty
Package: wasysym 2020/01/19 v2.4 Wasy-2 symbol support package
\symwasy=\mathgroup6
LaTeX Font Info:    Overwriting symbol font `wasy' in version `bold'
(Font)                  U/wasy/m/n --> U/wasy/b/n on input line 93.
)
(c:/texlive/2022/texmf-dist/tex/generic/iftex/ifxetex.sty
Package: ifxetex 2019/10/25 v0.7 ifxetex legacy package. Use iftex instead.
)
(c:/texlive/2022/texmf-dist/tex/latex/base/fontenc.sty
Package: fontenc 2021/04/29 v2.0v Standard LaTeX package
)
(c:/texlive/2022/texmf-dist/tex/latex/psnfss/helvet.sty
Package: helvet 2020/03/25 PSNFSS-v9.3 (WaS) 
)
(c:/texlive/2022/texmf-dist/tex/latex/psnfss/courier.sty
Package: courier 2020/03/25 PSNFSS-v9.3 (WaS) 
)
(c:/texlive/2022/texmf-dist/tex/latex/sectsty/sectsty.sty
Package: sectsty 2002/02/25 v2.0.2 Commands to change all sectional heading sty
les


LaTeX Warning: Command \underbar  has changed.
               Check if current package is valid.


LaTeX Warning: Command \underline  has changed.
               Check if current package is valid.

) (c:/texlive/2022/texmf-dist/tex/latex/geometry/geometry.sty
Package: geometry 2020/01/02 v5.9 Page Geometry

(c:/texlive/2022/texmf-dist/tex/generic/iftex/ifvtex.sty
Package: ifvtex 2019/10/25 v1.7 ifvtex legacy package. Use iftex instead.
)
\Gm@cnth=\count316
\Gm@cntv=\count317
\c@Gm@tempcnt=\count318
\Gm@bindingoffset=\dimen188
\Gm@wd@mp=\dimen189
\Gm@odd@mp=\dimen190
\Gm@even@mp=\dimen191
\Gm@layoutwidth=\dimen192
\Gm@layoutheight=\dimen193
\Gm@layouthoffset=\dimen194
\Gm@layoutvoffset=\dimen195
\Gm@dimlist=\toks34
)
(c:/texlive/2022/texmf-dist/tex/latex/fancyhdr/fancyhdr.sty
Package: fancyhdr 2022/05/18 v4.0.3 Extensive control of page headers and foote
rs
\f@nch@headwidth=\skip82
\f@nch@O@elh=\skip83
\f@nch@O@erh=\skip84
\f@nch@O@olh=\skip85
\f@nch@O@orh=\skip86
\f@nch@O@elf=\skip87
\f@nch@O@erf=\skip88
\f@nch@O@olf=\skip89
\f@nch@O@orf=\skip90
)
(c:/texlive/2022/texmf-dist/tex/latex/natbib/natbib.sty
Package: natbib 2010/09/13 8.31b (PWD, AO)
\bibhang=\skip91
\bibsep=\skip92
LaTeX Info: Redefining \cite on input line 694.
\c@NAT@ctr=\count319
)
(c:/texlive/2022/texmf-dist/tex/latex/tocloft/tocloft.sty
Package: tocloft 2017/08/31 v2.3i parameterised ToC, etc., typesetting
Package tocloft Info: The document has chapter divisions on input line 51.
\cftparskip=\skip93
\cftbeforetoctitleskip=\skip94
\cftaftertoctitleskip=\skip95
\cftbeforepartskip=\skip96
\cftpartnumwidth=\skip97
\cftpartindent=\skip98
\cftbeforechapskip=\skip99
\cftchapindent=\skip100
\cftchapnumwidth=\skip101
\cftbeforesecskip=\skip102
\cftsecindent=\skip103
\cftsecnumwidth=\skip104
\cftbeforesubsecskip=\skip105
\cftsubsecindent=\skip106
\cftsubsecnumwidth=\skip107
\cftbeforesubsubsecskip=\skip108
\cftsubsubsecindent=\skip109
\cftsubsubsecnumwidth=\skip110
\cftbeforeparaskip=\skip111
\cftparaindent=\skip112
\cftparanumwidth=\skip113
\cftbeforesubparaskip=\skip114
\cftsubparaindent=\skip115
\cftsubparanumwidth=\skip116
\cftbeforeloftitleskip=\skip117
\cftafterloftitleskip=\skip118
\cftbeforefigskip=\skip119
\cftfigindent=\skip120
\cftfignumwidth=\skip121
\c@lofdepth=\count320
\c@lotdepth=\count321
\cftbeforelottitleskip=\skip122
\cftafterlottitleskip=\skip123
\cftbeforetabskip=\skip124
\cfttabindent=\skip125
\cfttabnumwidth=\skip126
)
\@indexfile=\write4
\openout4 = `refman.idx'.


Writing index file refman.idx
(c:/texlive/2022/texmf-dist/tex/latex/newunicodechar/newunicodechar.sty
Package: newunicodechar 2018/04/08 v1.2 Defining Unicode characters
)

Package newunicodechar Warning: Redefining Unicode character on input line 116.



Package newunicodechar Warning: Redefining Unicode character on input line 117.


(c:/texlive/2022/texmf-dist/tex/latex/hyperref/hyperref.sty
Package: hyperref 2022-06-20 v7.00s Hypertext links for LaTeX

(c:/texlive/2022/texmf-dist/tex/generic/ltxcmds/ltxcmds.sty
Package: ltxcmds 2020-05-10 v1.25 LaTeX kernel commands for general use (HO)
)
(c:/texlive/2022/texmf-dist/tex/generic/pdftexcmds/pdftexcmds.sty
Package: pdftexcmds 2020-06-27 v0.33 Utility functions of pdfTeX for LuaTeX (HO
)
Package pdftexcmds Info: \pdf@primitive is available.
Package pdftexcmds Info: \pdf@ifprimitive is available.
Package pdftexcmds Info: \pdfdraftmode found.
)
(c:/texlive/2022/texmf-dist/tex/generic/kvsetkeys/kvsetkeys.sty
Package: kvsetkeys 2019/12/15 v1.18 Key value parser (HO)
)
(c:/texlive/2022/texmf-dist/tex/generic/kvdefinekeys/kvdefinekeys.sty
Package: kvdefinekeys 2019-12-19 v1.6 Define keys (HO)
)
(c:/texlive/2022/texmf-dist/tex/generic/pdfescape/pdfescape.sty
Package: pdfescape 2019/12/09 v1.15 Implements pdfTeX's escape features (HO)
)
(c:/texlive/2022/texmf-dist/tex/latex/hycolor/hycolor.sty
Package: hycolor 2020-01-27 v1.10 Color options for hyperref/bookmark (HO)
)
(c:/texlive/2022/texmf-dist/tex/latex/letltxmacro/letltxmacro.sty
Package: letltxmacro 2019/12/03 v1.6 Let assignment for LaTeX macros (HO)
)
(c:/texlive/2022/texmf-dist/tex/latex/auxhook/auxhook.sty
Package: auxhook 2019-12-17 v1.6 Hooks for auxiliary files (HO)
)
(c:/texlive/2022/texmf-dist/tex/latex/hyperref/nameref.sty
Package: nameref 2022-05-17 v2.50 Cross-referencing by name of section

(c:/texlive/2022/texmf-dist/tex/latex/refcount/refcount.sty
Package: refcount 2019/12/15 v3.6 Data extraction from label references (HO)
)
(c:/texlive/2022/texmf-dist/tex/generic/gettitlestring/gettitlestring.sty
Package: gettitlestring 2019/12/15 v1.6 Cleanup title references (HO)

(c:/texlive/2022/texmf-dist/tex/latex/kvoptions/kvoptions.sty
Package: kvoptions 2022-06-15 v3.15 Key value format for package options (HO)
))
\c@section@level=\count322
)
\@linkdim=\dimen196
\Hy@linkcounter=\count323
\Hy@pagecounter=\count324

(c:/texlive/2022/texmf-dist/tex/latex/hyperref/pd1enc.def
File: pd1enc.def 2022-06-20 v7.00s Hyperref: PDFDocEncoding definition (HO)
Now handling font encoding PD1 ...
... no UTF-8 mapping file for font encoding PD1
)
(c:/texlive/2022/texmf-dist/tex/generic/etexcmds/etexcmds.sty
Package: etexcmds 2019/12/15 v1.7 Avoid name clashes with e-TeX commands (HO)
)
\Hy@SavedSpaceFactor=\count325

(c:/texlive/2022/texmf-dist/tex/latex/hyperref/puenc.def
File: puenc.def 2022-06-20 v7.00s Hyperref: PDF Unicode definition (HO)
Now handling font encoding PU ...
... no UTF-8 mapping file for font encoding PU
)
Package hyperref Info: Hyper figures OFF on input line 4162.
Package hyperref Info: Link nesting OFF on input line 4167.
Package hyperref Info: Hyper index ON on input line 4170.
Package hyperref Info: Plain pages OFF on input line 4177.
Package hyperref Info: Backreferencing ON on input line 4180.
Package hyperref Info: Implicit mode ON; LaTeX internals redefined.
Package hyperref Info: Bookmarks ON on input line 4408.

(c:/texlive/2022/texmf-dist/tex/latex/hyperref/backref.sty
Package: backref 2021/02/04 v1.41 Bibliographical back referencing

(c:/texlive/2022/texmf-dist/tex/latex/rerunfilecheck/rerunfilecheck.sty
Package: rerunfilecheck 2022-07-10 v1.10 Rerun checks for auxiliary files (HO)

(c:/texlive/2022/texmf-dist/tex/latex/base/atveryend-ltx.sty
Package: atveryend-ltx 2020/08/19 v1.0a Emulation of the original atveryend pac
kage
with kernel methods
)
(c:/texlive/2022/texmf-dist/tex/generic/uniquecounter/uniquecounter.sty
Package: uniquecounter 2019/12/15 v1.4 Provide unlimited unique counter (HO)

(c:/texlive/2022/texmf-dist/tex/generic/bigintcalc/bigintcalc.sty
Package: bigintcalc 2019/12/15 v1.5 Expandable calculations on big integers (HO
)
))
Package uniquecounter Info: New unique counter `rerunfilecheck' on input line 2
85.
))
\c@Hy@tempcnt=\count326

(c:/texlive/2022/texmf-dist/tex/latex/url/url.sty
\Urlmuskip=\muskip16
Package: url 2013/09/16  ver 3.4  Verb mode for urls, etc.
)
LaTeX Info: Redefining \url on input line 4746.
\XeTeXLinkMargin=\dimen197

(c:/texlive/2022/texmf-dist/tex/generic/bitset/bitset.sty
Package: bitset 2019/12/09 v1.3 Handle bit-vector datatype (HO)
)
\Fld@menulength=\count327
\Field@Width=\dimen198
\Fld@charsize=\dimen199
Package hyperref Info: Hyper figures OFF on input line 6024.
Package hyperref Info: Link nesting OFF on input line 6029.
Package hyperref Info: Hyper index ON on input line 6032.
Package hyperref Info: backreferencing ON on input line 6037.
Package hyperref Info: Link coloring OFF on input line 6044.
Package hyperref Info: Link coloring with OCG OFF on input line 6049.
Package hyperref Info: PDF/A mode OFF on input line 6054.

(c:/texlive/2022/texmf-dist/tex/latex/base/atbegshi-ltx.sty
Package: atbegshi-ltx 2021/01/10 v1.0c Emulation of the original atbegshi
package with kernel methods
)
\Hy@abspage=\count328
\c@Item=\count329
\c@Hfootnote=\count330


LaTeX Warning: Command \LT@p@ftntext  has changed.
               Check if current package is valid.

)
Package hyperref Info: Driver: hpdftex.
 (c:/texlive/2022/texmf-dist/tex/latex/hyperref/hpdftex.def
File: hpdftex.def 2022-06-20 v7.00s Hyperref driver for pdfTeX
\Fld@listcount=\count331
\c@bookmark@seq@number=\count332
\Hy@SectionHShift=\skip127
)
Package hyperref Info: Option `colorlinks' set `true' on input line 136.
Package hyperref Info: Option `unicode' set `true' on input line 136.

(c:/texlive/2022/texmf-dist/tex/latex/caption/caption.sty
Package: caption 2022/03/01 v3.6b Customizing captions (AR)

(c:/texlive/2022/texmf-dist/tex/latex/caption/caption3.sty
Package: caption3 2022/03/17 v2.3b caption3 kernel (AR)
\caption@tempdima=\dimen256
\captionmargin=\dimen257
\caption@leftmargin=\dimen258
\caption@rightmargin=\dimen259
\caption@width=\dimen260
\caption@indent=\dimen261
\caption@parindent=\dimen262
\caption@hangindent=\dimen263
Package caption Info: Standard document class detected.
)
\c@caption@flags=\count333
\c@continuedfloat=\count334
Package caption Info: float package is loaded.
Package caption Info: hyperref package is loaded.
Package caption Info: longtable package is loaded.

(c:/texlive/2022/texmf-dist/tex/latex/caption/ltcaption.sty
Package: ltcaption 2021/01/08 v1.4c longtable captions (AR)
))
(c:/texlive/2022/texmf-dist/tex/latex/etoc/etoc.sty
Package: etoc 2022/08/30 v1.09f Completely customisable TOCs (JFB)
\Etoc@toctoks=\toks35
\c@etoc@tocid=\count335
\c@etoc@tocdepth=\count336
\etoc@framed@titlebox=\box120
\etoc@framed@contentsbox=\box121
)
LaTeX Font Info:    Trying to load font information for T1+phv on input line 15
2.

(c:/texlive/2022/texmf-dist/tex/latex/psnfss/t1phv.fd
File: t1phv.fd 2020/03/25 scalable font definitions for T1/phv.
)
LaTeX Font Info:    Font shape `T1/phv/m/n' will be
(Font)              scaled to size 8.99994pt on input line 152.

(c:/texlive/2022/texmf-dist/tex/latex/l3backend/l3backend-pdftex.def
File: l3backend-pdftex.def 2022-08-30 L3 backend support: PDF output (pdfTeX)
\l__color_backend_stack_int=\count337
\l__pdf_internal_box=\box122
)
No file refman.aux.
\openout1 = `refman.aux'.

LaTeX Font Info:    Checking defaults for OML/cmm/m/it on input line 152.
LaTeX Font Info:    ... okay on input line 152.
LaTeX Font Info:    Checking defaults for OMS/cmsy/m/n on input line 152.
LaTeX Font Info:    ... okay on input line 152.
LaTeX Font Info:    Checking defaults for OT1/cmr/m/n on input line 152.
LaTeX Font Info:    ... okay on input line 152.
LaTeX Font Info:    Checking defaults for T1/cmr/m/n on input line 152.
LaTeX Font Info:    ... okay on input line 152.
LaTeX Font Info:    Checking defaults for TS1/cmr/m/n on input line 152.
LaTeX Font Info:    ... okay on input line 152.
LaTeX Font Info:    Checking defaults for OMX/cmex/m/n on input line 152.
LaTeX Font Info:    ... okay on input line 152.
LaTeX Font Info:    Checking defaults for U/cmr/m/n on input line 152.
LaTeX Font Info:    ... okay on input line 152.
LaTeX Font Info:    Checking defaults for PD1/pdf/m/n on input line 152.
LaTeX Font Info:    ... okay on input line 152.
LaTeX Font Info:    Checking defaults for PU/pdf/m/n on input line 152.
LaTeX Font Info:    ... okay on input line 152.
(c:/texlive/2022/texmf-dist/tex/context/base/mkii/supp-pdf.mkii
[Loading MPS to PDF converter (version 2006.09.02).]
\scratchcounter=\count338
\scratchdimen=\dimen264
\scratchbox=\box123
\nofMPsegments=\count339
\nofMParguments=\count340
\everyMPshowfont=\toks36
\MPscratchCnt=\count341
\MPscratchDim=\dimen265
\MPnumerator=\count342
\makeMPintoPDFobject=\count343
\everyMPtoPDFconversion=\toks37
) (c:/texlive/2022/texmf-dist/tex/latex/epstopdf-pkg/epstopdf-base.sty
Package: epstopdf-base 2020-01-24 v2.11 Base part for package epstopdf
Package epstopdf-base Info: Redefining graphics rule for `.eps' on input line 4
85.

(c:/texlive/2022/texmf-dist/tex/latex/latexconfig/epstopdf-sys.cfg
File: epstopdf-sys.cfg 2010/07/13 v1.3 Configuration of (r)epstopdf for TeX Liv
e
))
*geometry* driver: auto-detecting
*geometry* detected driver: pdftex
*geometry* verbose mode - [ preamble ] result:
* driver: pdftex
* paper: a4paper
* layout: <same size as paper>
* layoutoffset:(h,v)=(0.0pt,0.0pt)
* modes: twoside 
* h-part:(L,W,R)=(71.13188pt, 455.24411pt, 71.13188pt)
* v-part:(T,H,B)=(71.13188pt, 702.78308pt, 71.13188pt)
* \paperwidth=597.50787pt
* \paperheight=845.04684pt
* \textwidth=455.24411pt
* \textheight=702.78308pt
* \oddsidemargin=-1.1381pt
* \evensidemargin=-1.1381pt
* \topmargin=-31.2056pt
* \headheight=12.0pt
* \headsep=18.06749pt
* \topskip=10.0pt
* \footskip=25.29494pt
* \marginparwidth=125.0pt
* \marginparsep=7.0pt
* \columnsep=10.0pt
* \skip\footins=9.0pt plus 4.0pt minus 2.0pt
* \hoffset=0.0pt
* \voffset=0.0pt
* \mag=1000
* \@twocolumnfalse
* \@twosidetrue
* \@mparswitchtrue
* \@reversemarginfalse
* (1in=72.27pt=25.4mm, 1cm=28.453pt)

Package backref Info: ** backref set up for natbib ** on input line 152.
Package hyperref Info: Link coloring ON on input line 152.
\@outlinefile=\write5
\openout5 = `refman.out'.

Package caption Info: Begin \AtBeginDocument code.
Package caption Info: End \AtBeginDocument code.
No file refman.toc.
Package hyperref Info: Option `pageanchor' set `false' on input line 160.
Package hyperref Info: Option `bookmarksnumbered' set `true' on input line 160.

Package hyperref Info: Option `unicode' set `true' on input line 160.
LaTeX Font Info:    Font shape `T1/phv/m/n' will be
(Font)              scaled to size 12.9599pt on input line 165.
LaTeX Font Info:    Font shape `T1/phv/m/n' will be
(Font)              scaled to size 10.79993pt on input line 167.
[1


{c:/texlive/2022/texmf-var/fonts/map/pdftex/updmap/pdftex.map}] [2

]
\tf@toc=\write6
\openout6 = `refman.toc'.

Package hyperref Info: Option `pageanchor' set `true' on input line 176.

Chapter 1.
LaTeX Font Info:    Font shape `T1/phv/m/n' will be
(Font)              scaled to size 18.66588pt on input line 178.
LaTeX Font Info:    Font shape `T1/phv/b/n' will be
(Font)              scaled to size 18.66588pt on input line 178.
LaTeX Font Info:    Font shape `T1/phv/bc/n' will be
(Font)              scaled to size 18.66588pt on input line 178.
LaTeX Font Info:    Font shape `T1/phv/m/n' will be
(Font)              scaled to size 22.39185pt on input line 178.
LaTeX Font Info:    Font shape `T1/phv/b/n' will be
(Font)              scaled to size 22.39185pt on input line 178.
LaTeX Font Info:    Font shape `T1/phv/bc/n' will be
(Font)              scaled to size 22.39185pt on input line 178.
(./md_readme.tex
LaTeX Font Info:    Font shape `T1/phv/m/n' will be
(Font)              scaled to size 6.29996pt on input line 3.
LaTeX Font Info:    Trying to load font information for U+msa on input line 3.
 (c:/texlive/2022/texmf-dist/tex/latex/amsfonts/umsa.fd
File: umsa.fd 2013/01/14 v3.01 AMS symbols A
)
LaTeX Font Info:    Trying to load font information for U+msb on input line 3.

(c:/texlive/2022/texmf-dist/tex/latex/amsfonts/umsb.fd
File: umsb.fd 2013/01/14 v3.01 AMS symbols B
)
LaTeX Font Info:    Trying to load font information for U+wasy on input line 3.


(c:/texlive/2022/texmf-dist/tex/latex/wasysym/uwasy.fd
File: uwasy.fd 2020/01/19 v2.4 Wasy-2 symbol font definitions
)
LaTeX Font Info:    Font shape `T1/phv/b/n' will be
(Font)              scaled to size 10.79993pt on input line 24.


Package hyperref Warning: Difference (2) between bookmark levels is greater 
(hyperref)                than one, level fixed on input line 24.

LaTeX Font Info:    Font shape `T1/phv/b/n' will be
(Font)              scaled to size 6.29996pt on input line 25.
)
LaTeX Font Info:    Font shape `T1/phv/b/n' will be
(Font)              scaled to size 8.99994pt on input line 182.
 [1


] [2

]
Chapter 2.
(./annotated.tex
LaTeX Font Info:    Font shape `T1/phv/b/n' will be
(Font)              scaled to size 12.9599pt on input line 1.


LaTeX Warning: Reference `class_block_buffer' on page 3 undefined on input line
 3.


LaTeX Warning: Reference `class_csv_buffer' on page 3 undefined on input line 4
.


LaTeX Warning: Reference `struct_field_info' on page 3 undefined on input line 
5.


LaTeX Warning: Reference `struct_file_info' on page 3 undefined on input line 6
.


LaTeX Warning: Reference `struct_header' on page 3 undefined on input line 7.


LaTeX Warning: Reference `class_header_buffer' on page 3 undefined on input lin
e 8.


LaTeX Warning: Reference `struct_header_info' on page 3 undefined on input line
 9.


LaTeX Warning: Reference `struct_primary_key_1_1_index_file_header' on page 3 u
ndefined on input line 10.


LaTeX Warning: Reference `struct_primary_key_1_1_key_struct' on page 3 undefine
d on input line 11.


LaTeX Warning: Reference `class_length_indicated_buffer' on page 3 undefined on
 input line 12.


LaTeX Warning: Reference `class_length_indicated_file' on page 3 undefined on i
nput line 13.


LaTeX Warning: Reference `class_place' on page 3 undefined on input line 14.


LaTeX Warning: Reference `class_place_block' on page 3 undefined on input line 
15.


LaTeX Warning: Reference `class_primary_key' on page 3 undefined on input line 
16.

) [3] [4

]
Chapter 3.
(./files.tex

LaTeX Warning: Reference `block_buffer_8h_source' on page 5 undefined on input 
line 3.


LaTeX Warning: Reference `_csv_buffer_8h_source' on page 5 undefined on input l
ine 4.


LaTeX Warning: Reference `enums_8h_source' on page 5 undefined on input line 5.



LaTeX Warning: Reference `_header_8h_source' on page 5 undefined on input line 
6.


LaTeX Warning: Reference `_header_buffer_8h_source' on page 5 undefined on inpu
t line 7.


LaTeX Warning: Reference `_length_indicated_buffer_8h_source' on page 5 undefin
ed on input line 8.


LaTeX Warning: Reference `_length_indicated_file_8h_source' on page 5 undefined
 on input line 9.


LaTeX Warning: Reference `_place_8h_source' on page 5 undefined on input line 1
0.


LaTeX Warning: Reference `_place_block_8h_source' on page 5 undefined on input 
line 11.


LaTeX Warning: Reference `_primary_key_8h_source' on page 5 undefined on input 
line 12.

) [5] [6

]
Chapter 4.
(./class_block_buffer.tex
LaTeX Font Info:    Trying to load font information for TS1+phv on input line 6
.

(c:/texlive/2022/texmf-dist/tex/latex/psnfss/ts1phv.fd
File: ts1phv.fd 2020/03/25 scalable font definitions for TS1/phv.
)
LaTeX Font Info:    Font shape `TS1/phv/m/n' will be
(Font)              scaled to size 8.99994pt on input line 6.
LaTeX Font Info:    Font shape `T1/phv/b/n' will be
(Font)              scaled to size 7.19995pt on input line 62.
LaTeX Font Info:    Trying to load font information for T1+pcr on input line 62
.

(c:/texlive/2022/texmf-dist/tex/latex/psnfss/t1pcr.fd
File: t1pcr.fd 2001/06/04 font definitions for T1/pcr.
)
LaTeX Font Info:    Font shape `T1/phv/m/n' will be
(Font)              scaled to size 7.19995pt on input line 63.
 [7]
LaTeX Font Info:    Font shape `T1/phv/bc/n' will be
(Font)              scaled to size 8.99994pt on input line 65.

Underfull \hbox (badness 10000) detected at line 65
[][][]
 []


Underfull \hbox (badness 10000) detected at line 68
[][][]
 []

LaTeX Font Info:    Font shape `T1/pcr/m/it' in size <8> not available
(Font)              Font shape `T1/pcr/m/sl' tried instead on input line 75.

Package longtable Warning: Column widths have changed
(longtable)                in table 4.1 on input line 81.


Underfull \hbox (badness 10000) detected at line 82
[][][]
 []


Underfull \hbox (badness 10000) detected at line 85
[][][]
 []


Underfull \hbox (badness 10000) detected at line 97
[][][]
 []


Underfull \hbox (badness 10000) detected at line 100
[][][]
 []

 <./class_block_buffer_ae6b6209ee18853f89260633b380c41bf_icgraph.pdf

pdfTeX warning: pdflatex.exe (file ./class_block_buffer_ae6b6209ee18853f8926063
3b380c41bf_icgraph.pdf): PDF inclusion: multiple pdfs with page group included 
in a single page
>
<class_block_buffer_ae6b6209ee18853f89260633b380c41bf_icgraph.pdf, id=164, 428.
60126pt x 99.37125pt>
File: class_block_buffer_ae6b6209ee18853f89260633b380c41bf_icgraph.pdf Graphic 
file (type pdf)
<use class_block_buffer_ae6b6209ee18853f89260633b380c41bf_icgraph.pdf>
Package pdftex.def Info: class_block_buffer_ae6b6209ee18853f89260633b380c41bf_i
cgraph.pdf  used on input line 108.
(pdftex.def)             Requested size: 350.0pt x 81.14833pt.
 [8]
LaTeX Font Info:    Font shape `T1/pcr/m/it' in size <7> not available
(Font)              Font shape `T1/pcr/m/sl' tried instead on input line 115.


Package longtable Warning: Column widths have changed
(longtable)                in table 4.2 on input line 121.


Underfull \hbox (badness 10000) detected at line 122
[][][]
 []


Underfull \hbox (badness 10000) detected at line 125
[][][]
 []

 <./class_block_buffer_a29404e25aad8553fa429052b7bc2e765_cgraph.pdf

pdfTeX warning: pdflatex.exe (file ./class_block_buffer_a29404e25aad8553fa42905
2b7bc2e765_cgraph.pdf): PDF inclusion: multiple pdfs with page group included i
n a single page
>
<class_block_buffer_a29404e25aad8553fa429052b7bc2e765_cgraph.pdf, id=186, 320.1
9624pt x 110.4125pt>
File: class_block_buffer_a29404e25aad8553fa429052b7bc2e765_cgraph.pdf Graphic f
ile (type pdf)
<use class_block_buffer_a29404e25aad8553fa429052b7bc2e765_cgraph.pdf>
Package pdftex.def Info: class_block_buffer_a29404e25aad8553fa429052b7bc2e765_c
graph.pdf  used on input line 133.
(pdftex.def)             Requested size: 319.0pt x 110.00113pt.
 [9]

Package longtable Warning: Column widths have changed
(longtable)                in table 4.3 on input line 148.


Underfull \hbox (badness 10000) detected at line 149
[][][]
 []


Underfull \hbox (badness 10000) detected at line 152
[][][]
 []

 <./class_block_buffer_a5a5d18159ff5ff169c6d94b06dfeab23_cgraph.pdf>
<class_block_buffer_a5a5d18159ff5ff169c6d94b06dfeab23_cgraph.pdf, id=206, 173.6
4874pt x 117.43875pt>
File: class_block_buffer_a5a5d18159ff5ff169c6d94b06dfeab23_cgraph.pdf Graphic f
ile (type pdf)
<use class_block_buffer_a5a5d18159ff5ff169c6d94b06dfeab23_cgraph.pdf>
Package pdftex.def Info: class_block_buffer_a5a5d18159ff5ff169c6d94b06dfeab23_c
graph.pdf  used on input line 160.
(pdftex.def)             Requested size: 173.0pt x 117.00478pt.
 <./class_block_buffer_a5a5d18159ff5ff169c6d94b06dfeab23_icgraph.pdf

pdfTeX warning: pdflatex.exe (file ./class_block_buffer_a5a5d18159ff5ff169c6d94
b06dfeab23_icgraph.pdf): PDF inclusion: multiple pdfs with page group included 
in a single page
>
<class_block_buffer_a5a5d18159ff5ff169c6d94b06dfeab23_icgraph.pdf, id=214, 173.
64874pt x 117.43875pt>
File: class_block_buffer_a5a5d18159ff5ff169c6d94b06dfeab23_icgraph.pdf Graphic 
file (type pdf)
<use class_block_buffer_a5a5d18159ff5ff169c6d94b06dfeab23_icgraph.pdf>
Package pdftex.def Info: class_block_buffer_a5a5d18159ff5ff169c6d94b06dfeab23_i
cgraph.pdf  used on input line 168.
(pdftex.def)             Requested size: 173.0pt x 117.00478pt.
 [10]
Underfull \hbox (badness 10000) detected at line 177
[][][]
 []


Underfull \hbox (badness 10000) detected at line 180
[][][]
 []


Package longtable Warning: Column widths have changed
(longtable)                in table 4.4 on input line 193.


Underfull \hbox (badness 10000) detected at line 194
[][][]
 []


Underfull \hbox (badness 10000) detected at line 197
[][][]
 []

 <./class_block_buffer_aec0d79f9c2e900d6ca6fdf4f586c69be_cgraph.pdf>
<class_block_buffer_aec0d79f9c2e900d6ca6fdf4f586c69be_cgraph.pdf, id=231, 301.1
25pt x 99.37125pt>
File: class_block_buffer_aec0d79f9c2e900d6ca6fdf4f586c69be_cgraph.pdf Graphic f
ile (type pdf)
<use class_block_buffer_aec0d79f9c2e900d6ca6fdf4f586c69be_cgraph.pdf>
Package pdftex.def Info: class_block_buffer_aec0d79f9c2e900d6ca6fdf4f586c69be_c
graph.pdf  used on input line 205.
(pdftex.def)             Requested size: 300.0pt x 99.0086pt.
 <./class_block_buffer_aec0d79f9c2e900d6ca6fdf4f586c69be_icgraph.pdf

pdfTeX warning: pdflatex.exe (file ./class_block_buffer_aec0d79f9c2e900d6ca6fdf
4f586c69be_icgraph.pdf): PDF inclusion: multiple pdfs with page group included 
in a single page
>
<class_block_buffer_aec0d79f9c2e900d6ca6fdf4f586c69be_icgraph.pdf, id=239, 299.
1175pt x 99.37125pt>
File: class_block_buffer_aec0d79f9c2e900d6ca6fdf4f586c69be_icgraph.pdf Graphic 
file (type pdf)
<use class_block_buffer_aec0d79f9c2e900d6ca6fdf4f586c69be_icgraph.pdf>
Package pdftex.def Info: class_block_buffer_aec0d79f9c2e900d6ca6fdf4f586c69be_i
cgraph.pdf  used on input line 213.
(pdftex.def)             Requested size: 298.0pt x 99.00708pt.
 [11]

Package longtable Warning: Column widths have changed
(longtable)                in table 4.5 on input line 228.


Underfull \hbox (badness 10000) detected at line 229
[][][]
 []


Underfull \hbox (badness 10000) detected at line 232
[][][]
 []

 <./class_block_buffer_a9a4c0ace2c226fdc197e4d2eb3d30be5_cgraph.pdf>
<class_block_buffer_a9a4c0ace2c226fdc197e4d2eb3d30be5_cgraph.pdf, id=257, 428.6
0126pt x 99.37125pt>
File: class_block_buffer_a9a4c0ace2c226fdc197e4d2eb3d30be5_cgraph.pdf Graphic f
ile (type pdf)
<use class_block_buffer_a9a4c0ace2c226fdc197e4d2eb3d30be5_cgraph.pdf>
Package pdftex.def Info: class_block_buffer_a9a4c0ace2c226fdc197e4d2eb3d30be5_c
graph.pdf  used on input line 240.
(pdftex.def)             Requested size: 350.0pt x 81.14833pt.
 [12]

Package longtable Warning: Column widths have changed
(longtable)                in table 4.6 on input line 253.


Underfull \hbox (badness 10000) detected at line 254
[][][]
 []


Underfull \hbox (badness 10000) detected at line 257
[][][]
 []


Package longtable Warning: Column widths have changed
(longtable)                in table 4.7 on input line 270.


Underfull \hbox (badness 10000) detected at line 271
[][][]
 []


Underfull \hbox (badness 10000) detected at line 274
[][][]
 []


Package longtable Warning: Column widths have changed
(longtable)                in table 4.8 on input line 287.

[13]
Underfull \hbox (badness 10000) detected at line 288
[][][]
 []


Underfull \hbox (badness 10000) detected at line 291
[][][]
 []


Package longtable Warning: Column widths have changed
(longtable)                in table 4.9 on input line 304.


Underfull \hbox (badness 10000) detected at line 305
[][][]
 []


Underfull \hbox (badness 10000) detected at line 308
[][][]
 []

 <./class_block_buffer_a9cd55305a80614f98178dc65c4d8b6c3_cgraph.pdf

pdfTeX warning: pdflatex.exe (file ./class_block_buffer_a9cd55305a80614f98178dc
65c4d8b6c3_cgraph.pdf): PDF inclusion: multiple pdfs with page group included i
n a single page
>
<class_block_buffer_a9cd55305a80614f98178dc65c4d8b6c3_cgraph.pdf, id=285, 477.7
85pt x 110.4125pt>
File: class_block_buffer_a9cd55305a80614f98178dc65c4d8b6c3_cgraph.pdf Graphic f
ile (type pdf)
<use class_block_buffer_a9cd55305a80614f98178dc65c4d8b6c3_cgraph.pdf>
Package pdftex.def Info: class_block_buffer_a9cd55305a80614f98178dc65c4d8b6c3_c
graph.pdf  used on input line 316.
(pdftex.def)             Requested size: 350.0pt x 80.88179pt.
 [14]

Package longtable Warning: Column widths have changed
(longtable)                in table 4.10 on input line 331.


Underfull \hbox (badness 10000) detected at line 332
[][][]
 []


Underfull \hbox (badness 10000) detected at line 335
[][][]
 []

) (./class_csv_buffer.tex <./class_csv_buffer__coll__graph.pdf>
<class_csv_buffer__coll__graph.pdf, id=303, 137.51375pt x 165.61874pt>
File: class_csv_buffer__coll__graph.pdf Graphic file (type pdf)
<use class_csv_buffer__coll__graph.pdf>
Package pdftex.def Info: class_csv_buffer__coll__graph.pdf  used on input line 
10.
(pdftex.def)             Requested size: 137.0pt x 165.01434pt.
 [15]
LaTeX Font Info:    Font shape `T1/phv/m/n' will be
(Font)              scaled to size 8.09995pt on input line 17.
LaTeX Font Info:    Font shape `T1/phv/m/it' in size <9> not available
(Font)              Font shape `T1/phv/m/sl' tried instead on input line 17.
LaTeX Font Info:    Font shape `T1/phv/m/sl' will be
(Font)              scaled to size 8.09995pt on input line 17.
 [16]
LaTeX Font Info:    Trying to load font information for TS1+pcr on input line 6
1.

(c:/texlive/2022/texmf-dist/tex/latex/psnfss/ts1pcr.fd
File: ts1pcr.fd 2001/06/04 font definitions for TS1/pcr.
)
LaTeX Font Info:    Font shape `TS1/pcr/m/it' in size <8> not available
(Font)              Font shape `TS1/pcr/m/sl' tried instead on input line 61.


Package longtable Warning: Column widths have changed
(longtable)                in table 4.11 on input line 71.


Underfull \hbox (badness 10000) detected at line 85
[][][]
 []


Underfull \hbox (badness 10000) detected at line 88
[][][]
 []


Underfull \hbox (badness 10000) detected at line 91
[][][]
 []

 <./class_csv_buffer_a777518eb33a8dc3b2067c684bcee3cd4_icgraph.pdf>
<class_csv_buffer_a777518eb33a8dc3b2067c684bcee3cd4_icgraph.pdf, id=346, 339.26
75pt x 99.37125pt>
File: class_csv_buffer_a777518eb33a8dc3b2067c684bcee3cd4_icgraph.pdf Graphic fi
le (type pdf)
<use class_csv_buffer_a777518eb33a8dc3b2067c684bcee3cd4_icgraph.pdf>
Package pdftex.def Info: class_csv_buffer_a777518eb33a8dc3b2067c684bcee3cd4_icg
raph.pdf  used on input line 99.
(pdftex.def)             Requested size: 338.0pt x 99.00406pt.
 [17]

Package longtable Warning: Column widths have changed
(longtable)                in table 4.12 on input line 116.


Underfull \hbox (badness 10000) detected at line 117
[][][]
 []


Underfull \hbox (badness 10000) detected at line 120
[][][]
 []

 <./class_csv_buffer_a639615afeee38796aea6132e2d761b14_cgraph.pdf

pdfTeX warning: pdflatex.exe (file ./class_csv_buffer_a639615afeee38796aea6132e
2d761b14_cgraph.pdf): PDF inclusion: multiple pdfs with page group included in 
a single page
>
<class_csv_buffer_a639615afeee38796aea6132e2d761b14_cgraph.pdf, id=371, 437.635
pt x 136.51pt>
File: class_csv_buffer_a639615afeee38796aea6132e2d761b14_cgraph.pdf Graphic fil
e (type pdf)
<use class_csv_buffer_a639615afeee38796aea6132e2d761b14_cgraph.pdf>
Package pdftex.def Info: class_csv_buffer_a639615afeee38796aea6132e2d761b14_cgr
aph.pdf  used on input line 131.
(pdftex.def)             Requested size: 350.0pt x 109.1748pt.
 [18]

Package longtable Warning: Column widths have changed
(longtable)                in table 4.13 on input line 148.


Underfull \hbox (badness 10000) detected at line 149
[][][]
 []


Underfull \hbox (badness 10000) detected at line 152
[][][]
 []

 <./class_csv_buffer_a6df10886c1cf61154735afbc84a6ae07_icgraph.pdf>
<class_csv_buffer_a6df10886c1cf61154735afbc84a6ae07_icgraph.pdf, id=388, 275.02
75pt x 99.37125pt>
File: class_csv_buffer_a6df10886c1cf61154735afbc84a6ae07_icgraph.pdf Graphic fi
le (type pdf)
<use class_csv_buffer_a6df10886c1cf61154735afbc84a6ae07_icgraph.pdf>
Package pdftex.def Info: class_csv_buffer_a6df10886c1cf61154735afbc84a6ae07_icg
raph.pdf  used on input line 161.
(pdftex.def)             Requested size: 274.0pt x 99.0086pt.

Underfull \hbox (badness 10000) detected at line 174
[][][]
 []


Underfull \hbox (badness 10000) detected at line 177
[][][]
 []

 <./class_csv_buffer_a4fc7e89cdb27af0d4673e90a9cfcd708_cgraph.pdf

pdfTeX warning: pdflatex.exe (file ./class_csv_buffer_a4fc7e89cdb27af0d4673e90a
9cfcd708_cgraph.pdf): PDF inclusion: multiple pdfs with page group included in 
a single page
>
<class_csv_buffer_a4fc7e89cdb27af0d4673e90a9cfcd708_cgraph.pdf, id=396, 325.215
pt x 99.37125pt>
File: class_csv_buffer_a4fc7e89cdb27af0d4673e90a9cfcd708_cgraph.pdf Graphic fil
e (type pdf)
<use class_csv_buffer_a4fc7e89cdb27af0d4673e90a9cfcd708_cgraph.pdf>
Package pdftex.def Info: class_csv_buffer_a4fc7e89cdb27af0d4673e90a9cfcd708_cgr
aph.pdf  used on input line 187.
(pdftex.def)             Requested size: 324.0pt x 99.00708pt.
 [19] <./class_csv_buffer_a4fc7e89cdb27af0d4673e90a9cfcd708_icgraph.pdf>
<class_csv_buffer_a4fc7e89cdb27af0d4673e90a9cfcd708_icgraph.pdf, id=414, 306.14
375pt x 99.37125pt>
File: class_csv_buffer_a4fc7e89cdb27af0d4673e90a9cfcd708_icgraph.pdf Graphic fi
le (type pdf)
<use class_csv_buffer_a4fc7e89cdb27af0d4673e90a9cfcd708_icgraph.pdf>
Package pdftex.def Info: class_csv_buffer_a4fc7e89cdb27af0d4673e90a9cfcd708_icg
raph.pdf  used on input line 195.
(pdftex.def)             Requested size: 305.0pt x 99.00557pt.


Package longtable Warning: Column widths have changed
(longtable)                in table 4.14 on input line 212.


Underfull \hbox (badness 10000) detected at line 213
[][][]
 []


Underfull \hbox (badness 10000) detected at line 218
[][][]
 []

[20]
Underfull \hbox (badness 10000) detected at line 221
[][][]
 []

 <./class_csv_buffer_a5b50f55c56a5e70e0d7294a65aa5df11_icgraph.pdf>
<class_csv_buffer_a5b50f55c56a5e70e0d7294a65aa5df11_icgraph.pdf, id=431, 437.63
5pt x 136.51pt>
File: class_csv_buffer_a5b50f55c56a5e70e0d7294a65aa5df11_icgraph.pdf Graphic fi
le (type pdf)
<use class_csv_buffer_a5b50f55c56a5e70e0d7294a65aa5df11_icgraph.pdf>
Package pdftex.def Info: class_csv_buffer_a5b50f55c56a5e70e0d7294a65aa5df11_icg
raph.pdf  used on input line 229.
(pdftex.def)             Requested size: 350.0pt x 109.1748pt.
)
(./struct_field_info.tex) (./struct_file_info.tex [21]) (./struct_header.tex <.
/struct_header__coll__graph.pdf>
<struct_header__coll__graph.pdf, id=458, 208.78pt x 165.61874pt>
File: struct_header__coll__graph.pdf Graphic file (type pdf)
<use struct_header__coll__graph.pdf>
Package pdftex.def Info: struct_header__coll__graph.pdf  used on input line 10.

(pdftex.def)             Requested size: 208.0pt x 165.00928pt.
) (./class_header_buffer.tex [22]

Package longtable Warning: Column widths have changed
(longtable)                in table 4.15 on input line 33.


Underfull \hbox (badness 10000) detected at line 34
[][][]
 []


Underfull \hbox (badness 10000) detected at line 37
[][][]
 []

 <./class_header_buffer_a8abdcb78c87542101af7e3768cf432b3_icgraph.pdf>
<class_header_buffer_a8abdcb78c87542101af7e3768cf432b3_icgraph.pdf, id=495, 324
.21124pt x 110.4125pt>
File: class_header_buffer_a8abdcb78c87542101af7e3768cf432b3_icgraph.pdf Graphic
 file (type pdf)
<use class_header_buffer_a8abdcb78c87542101af7e3768cf432b3_icgraph.pdf>
Package pdftex.def Info: class_header_buffer_a8abdcb78c87542101af7e3768cf432b3_
icgraph.pdf  used on input line 47.
(pdftex.def)             Requested size: 323.0pt x 110.00618pt.
 [23]
Underfull \hbox (badness 10000) detected at line 60
[][][]
 []


Underfull \hbox (badness 10000) detected at line 63
[][][]
 []

 <./class_header_buffer_a79add559d2bb9a954b05f96c5c4f3d5a_icgraph.pdf

pdfTeX warning: pdflatex.exe (file ./class_header_buffer_a79add559d2bb9a954b05f
96c5c4f3d5a_icgraph.pdf): PDF inclusion: multiple pdfs with page group included
 in a single page
>
<class_header_buffer_a79add559d2bb9a954b05f96c5c4f3d5a_icgraph.pdf, id=525, 337
.26pt x 110.4125pt>
File: class_header_buffer_a79add559d2bb9a954b05f96c5c4f3d5a_icgraph.pdf Graphic
 file (type pdf)
<use class_header_buffer_a79add559d2bb9a954b05f96c5c4f3d5a_icgraph.pdf>
Package pdftex.def Info: class_header_buffer_a79add559d2bb9a954b05f96c5c4f3d5a_
icgraph.pdf  used on input line 71.
(pdftex.def)             Requested size: 336.0pt x 110.0028pt.
) (./struct_header_info.tex [24])
(./struct_primary_key_1_1_index_file_header.tex)
(./struct_primary_key_1_1_key_struct.tex <./struct_primary_key_1_1_key_struct__
coll__graph.pdf>
<struct_primary_key_1_1_key_struct__coll__graph.pdf, id=543, 197.73875pt x 165.
61874pt>
File: struct_primary_key_1_1_key_struct__coll__graph.pdf Graphic file (type pdf
)
<use struct_primary_key_1_1_key_struct__coll__graph.pdf>
Package pdftex.def Info: struct_primary_key_1_1_key_struct__coll__graph.pdf  us
ed on input line 10.
(pdftex.def)             Requested size: 197.0pt x 165.00171pt.
 [25]) (./class_length_indicated_buffer.tex <./class_length_indicated_buffer__c
oll__graph.pdf>
<class_length_indicated_buffer__coll__graph.pdf, id=571, 208.78pt x 231.86626pt
>
File: class_length_indicated_buffer__coll__graph.pdf Graphic file (type pdf)
<use class_length_indicated_buffer__coll__graph.pdf>
Package pdftex.def Info: class_length_indicated_buffer__coll__graph.pdf  used o
n input line 10.
(pdftex.def)             Requested size: 208.0pt x 231.01302pt.
 [26]

Package longtable Warning: Column widths have changed
(longtable)                in table 4.16 on input line 87.

 <./class_length_indicated_buffer_a59fd057cb47d56c0aec23e92dfd6e8ca_cgraph.pdf>
<class_length_indicated_buffer_a59fd057cb47d56c0aec23e92dfd6e8ca_cgraph.pdf, id
=613, 343.2825pt x 110.4125pt>
File: class_length_indicated_buffer_a59fd057cb47d56c0aec23e92dfd6e8ca_cgraph.pd
f Graphic file (type pdf)
<use class_length_indicated_buffer_a59fd057cb47d56c0aec23e92dfd6e8ca_cgraph.pdf
>
Package pdftex.def Info: class_length_indicated_buffer_a59fd057cb47d56c0aec23e9
2dfd6e8ca_cgraph.pdf  used on input line 93.
(pdftex.def)             Requested size: 342.0pt x 109.99945pt.
[27]

Package longtable Warning: Column widths have changed
(longtable)                in table 4.17 on input line 113.


Underfull \hbox (badness 10000) detected at line 114
[][][]
 []


Package longtable Warning: Column widths have changed
(longtable)                in table 4.18 on input line 123.

 <./class_length_indicated_buffer_ab0d5e941b8b185084b0288405f887fa7_icgraph.pdf


pdfTeX warning: pdflatex.exe (file ./class_length_indicated_buffer_ab0d5e941b8b
185084b0288405f887fa7_icgraph.pdf): PDF inclusion: multiple pdfs with page grou
p included in a single page
>
<class_length_indicated_buffer_ab0d5e941b8b185084b0288405f887fa7_icgraph.pdf, i
d=644, 337.26pt x 110.4125pt>
File: class_length_indicated_buffer_ab0d5e941b8b185084b0288405f887fa7_icgraph.p
df Graphic file (type pdf)
<use class_length_indicated_buffer_ab0d5e941b8b185084b0288405f887fa7_icgraph.pd
f>
Package pdftex.def Info: class_length_indicated_buffer_ab0d5e941b8b185084b02884
05f887fa7_icgraph.pdf  used on input line 129.
(pdftex.def)             Requested size: 336.0pt x 110.0028pt.
 [28]
Underfull \hbox (badness 10000) detected at line 142
[][][]
 []

 <./class_length_indicated_buffer_a4fe88cd0641786d94802c7d5aaf2152f_icgraph.pdf
>
<class_length_indicated_buffer_a4fe88cd0641786d94802c7d5aaf2152f_icgraph.pdf, i
d=663, 489.83pt x 174.6525pt>
File: class_length_indicated_buffer_a4fe88cd0641786d94802c7d5aaf2152f_icgraph.p
df Graphic file (type pdf)
<use class_length_indicated_buffer_a4fe88cd0641786d94802c7d5aaf2152f_icgraph.pd
f>
Package pdftex.def Info: class_length_indicated_buffer_a4fe88cd0641786d94802c7d
5aaf2152f_icgraph.pdf  used on input line 150.
(pdftex.def)             Requested size: 350.0pt x 124.7983pt.

Underfull \hbox (badness 10000) detected at line 163
[][][]
 []


Underfull \hbox (badness 10000) detected at line 166
[][][]
 []


Underfull \hbox (badness 10000) detected at line 169
[][][]
 []

 <./class_length_indicated_buffer_a802655e5b84553d1396cd3d9d41504df_icgraph.pdf


pdfTeX warning: pdflatex.exe (file ./class_length_indicated_buffer_a802655e5b84
553d1396cd3d9d41504df_icgraph.pdf): PDF inclusion: multiple pdfs with page grou
p included in a single page
>
<class_length_indicated_buffer_a802655e5b84553d1396cd3d9d41504df_icgraph.pdf, i
d=674, 306.14375pt x 110.4125pt>
File: class_length_indicated_buffer_a802655e5b84553d1396cd3d9d41504df_icgraph.p
df Graphic file (type pdf)
<use class_length_indicated_buffer_a802655e5b84553d1396cd3d9d41504df_icgraph.pd
f>
Package pdftex.def Info: class_length_indicated_buffer_a802655e5b84553d1396cd3d
9d41504df_icgraph.pdf  used on input line 177.
(pdftex.def)             Requested size: 305.0pt x 110.00618pt.
 [29]
Underfull \hbox (badness 10000) detected at line 190
[][][]
 []


Underfull \hbox (badness 10000) detected at line 193
[][][]
 []


Package longtable Warning: Column widths have changed
(longtable)                in table 4.19 on input line 210.


Underfull \hbox (badness 10000) detected at line 211
[][][]
 []


Underfull \hbox (badness 10000) detected at line 214
[][][]
 []


Underfull \hbox (badness 10000) in paragraph at lines 217--218

 []


Package longtable Warning: Column widths have changed
(longtable)                in table 4.20 on input line 226.

 <./class_length_indicated_buffer_a8b7f71437dc17f991332c22224cc601e_cgraph.pdf>
<class_length_indicated_buffer_a8b7f71437dc17f991332c22224cc601e_cgraph.pdf, id
=692, 337.26pt x 185.69376pt>
File: class_length_indicated_buffer_a8b7f71437dc17f991332c22224cc601e_cgraph.pd
f Graphic file (type pdf)
<use class_length_indicated_buffer_a8b7f71437dc17f991332c22224cc601e_cgraph.pdf
>
Package pdftex.def Info: class_length_indicated_buffer_a8b7f71437dc17f991332c22
224cc601e_cgraph.pdf  used on input line 232.
(pdftex.def)             Requested size: 336.0pt x 185.00476pt.
[30]

Package longtable Warning: Column widths have changed
(longtable)                in table 4.21 on input line 249.


Underfull \hbox (badness 10000) detected at line 250
[][][]
 []


Underfull \hbox (badness 10000) detected at line 253
[][][]
 []

[31]

Package longtable Warning: Column widths have changed
(longtable)                in table 4.22 on input line 274.


Underfull \hbox (badness 10000) detected at line 275
[][][]
 []


Underfull \hbox (badness 10000) detected at line 280
[][][]
 []


Package longtable Warning: Column widths have changed
(longtable)                in table 4.23 on input line 291.

 <./class_length_indicated_buffer_a7fc9db4e8298e47993c001fe78f1c05a_cgraph.pdf>
<class_length_indicated_buffer_a7fc9db4e8298e47993c001fe78f1c05a_cgraph.pdf, id
=717, 337.26pt x 110.4125pt>
File: class_length_indicated_buffer_a7fc9db4e8298e47993c001fe78f1c05a_cgraph.pd
f Graphic file (type pdf)
<use class_length_indicated_buffer_a7fc9db4e8298e47993c001fe78f1c05a_cgraph.pdf
>
Package pdftex.def Info: class_length_indicated_buffer_a7fc9db4e8298e47993c001f
e78f1c05a_cgraph.pdf  used on input line 297.
(pdftex.def)             Requested size: 336.0pt x 110.0028pt.
 <./class_length_indicated_buffer_a7fc9db4e8298e47993c001fe78f1c05a_icgraph.pdf


pdfTeX warning: pdflatex.exe (file ./class_length_indicated_buffer_a7fc9db4e829
8e47993c001fe78f1c05a_icgraph.pdf): PDF inclusion: multiple pdfs with page grou
p included in a single page
>
<class_length_indicated_buffer_a7fc9db4e8298e47993c001fe78f1c05a_icgraph.pdf, i
d=725, 337.26pt x 148.555pt>
File: class_length_indicated_buffer_a7fc9db4e8298e47993c001fe78f1c05a_icgraph.p
df Graphic file (type pdf)
<use class_length_indicated_buffer_a7fc9db4e8298e47993c001fe78f1c05a_icgraph.pd
f>
Package pdftex.def Info: class_length_indicated_buffer_a7fc9db4e8298e47993c001f
e78f1c05a_icgraph.pdf  used on input line 305.
(pdftex.def)             Requested size: 336.0pt x 148.0038pt.
 [32]

Package longtable Warning: Column widths have changed
(longtable)                in table 4.24 on input line 324.


Underfull \hbox (badness 10000) detected at line 325
[][][]
 []


Underfull \hbox (badness 10000) detected at line 330
[][][]
 []


Package longtable Warning: Column widths have changed
(longtable)                in table 4.25 on input line 339.

 <./class_length_indicated_buffer_a3da5902b9f4227fb3a61d947f6540a85_cgraph.pdf>
<class_length_indicated_buffer_a3da5902b9f4227fb3a61d947f6540a85_cgraph.pdf, id
=742, 483.8075pt x 110.4125pt>
File: class_length_indicated_buffer_a3da5902b9f4227fb3a61d947f6540a85_cgraph.pd
f Graphic file (type pdf)
<use class_length_indicated_buffer_a3da5902b9f4227fb3a61d947f6540a85_cgraph.pdf
>
Package pdftex.def Info: class_length_indicated_buffer_a3da5902b9f4227fb3a61d94
7f6540a85_cgraph.pdf  used on input line 345.
(pdftex.def)             Requested size: 350.0pt x 79.87936pt.

Package longtable Warning: Column widths have changed
(longtable)                in table 4.26 on input line 362.


Overfull \vbox (4.01561pt too high) has occurred while \output is active []


[33]
Underfull \hbox (badness 10000) detected at line 363
[][][]
 []


Underfull \hbox (badness 10000) detected at line 366
[][][]
 []


Package longtable Warning: Column widths have changed
(longtable)                in table 4.27 on input line 379.

 <./class_length_indicated_buffer_ae7a2bd9067a7017a3a1810922e981b09_icgraph.pdf
>
<class_length_indicated_buffer_ae7a2bd9067a7017a3a1810922e981b09_icgraph.pdf, i
d=762, 306.14375pt x 110.4125pt>
File: class_length_indicated_buffer_ae7a2bd9067a7017a3a1810922e981b09_icgraph.p
df Graphic file (type pdf)
<use class_length_indicated_buffer_ae7a2bd9067a7017a3a1810922e981b09_icgraph.pd
f>
Package pdftex.def Info: class_length_indicated_buffer_ae7a2bd9067a7017a3a18109
22e981b09_icgraph.pdf  used on input line 385.
(pdftex.def)             Requested size: 305.0pt x 110.00618pt.


Package longtable Warning: Column widths have changed
(longtable)                in table 4.28 on input line 402.


Underfull \hbox (badness 10000) detected at line 403
[][][]
 []


Underfull \hbox (badness 10000) detected at line 406
[][][]
 []

 <./class_length_indicated_buffer_a90ffd821ed52ea80bb279b0ff48060c4_icgraph.pdf


pdfTeX warning: pdflatex.exe (file ./class_length_indicated_buffer_a90ffd821ed5
2ea80bb279b0ff48060c4_icgraph.pdf): PDF inclusion: multiple pdfs with page grou
p included in a single page
>
<class_length_indicated_buffer_a90ffd821ed52ea80bb279b0ff48060c4_icgraph.pdf, i
d=770, 320.19624pt x 110.4125pt>
File: class_length_indicated_buffer_a90ffd821ed52ea80bb279b0ff48060c4_icgraph.p
df Graphic file (type pdf)
<use class_length_indicated_buffer_a90ffd821ed52ea80bb279b0ff48060c4_icgraph.pd
f>
Package pdftex.def Info: class_length_indicated_buffer_a90ffd821ed52ea80bb279b0
ff48060c4_icgraph.pdf  used on input line 414.
(pdftex.def)             Requested size: 319.0pt x 110.00113pt.
 [34]
Underfull \hbox (badness 10000) detected at line 427
[][][]
 []


Package longtable Warning: Column widths have changed
(longtable)                in table 4.29 on input line 434.

) (./class_length_indicated_file.tex <./class_length_indicated_file__coll__grap
h.pdf>
<class_length_indicated_file__coll__graph.pdf, id=787, 405.515pt x 309.155pt>
File: class_length_indicated_file__coll__graph.pdf Graphic file (type pdf)
<use class_length_indicated_file__coll__graph.pdf>
Package pdftex.def Info: class_length_indicated_file__coll__graph.pdf  used on 
input line 10.
(pdftex.def)             Requested size: 350.0pt x 266.83987pt.
 [35]) (./class_place.tex <./class_place__coll__graph.pdf>
<class_place__coll__graph.pdf, id=809, 135.50626pt x 198.7425pt>
File: class_place__coll__graph.pdf Graphic file (type pdf)
<use class_place__coll__graph.pdf>
Package pdftex.def Info: class_place__coll__graph.pdf  used on input line 10.
(pdftex.def)             Requested size: 135.0pt x 198.00812pt.
 [36] [37]

Package longtable Warning: Column widths have changed
(longtable)                in table 4.30 on input line 82.

 <./class_place_a09badd1970b6ed375d6347c333791fe1_cgraph.pdf>
<class_place_a09badd1970b6ed375d6347c333791fe1_cgraph.pdf, id=879, 285.065pt x 
285.065pt>
File: class_place_a09badd1970b6ed375d6347c333791fe1_cgraph.pdf Graphic file (ty
pe pdf)
<use class_place_a09badd1970b6ed375d6347c333791fe1_cgraph.pdf>
Package pdftex.def Info: class_place_a09badd1970b6ed375d6347c333791fe1_cgraph.p
df  used on input line 88.
(pdftex.def)             Requested size: 284.0pt x 283.99861pt.
 [38]
Underfull \hbox (badness 10000) detected at line 104
[][][]
 []

 <./class_place_a7c681bb04fc1577ead3381b82ed5f3d1_icgraph.pdf>
<class_place_a7c681bb04fc1577ead3381b82ed5f3d1_icgraph.pdf, id=904, 298.11375pt
 x 136.51pt>
File: class_place_a7c681bb04fc1577ead3381b82ed5f3d1_icgraph.pdf Graphic file (t
ype pdf)
<use class_place_a7c681bb04fc1577ead3381b82ed5f3d1_icgraph.pdf>
Package pdftex.def Info: class_place_a7c681bb04fc1577ead3381b82ed5f3d1_icgraph.
pdf  used on input line 112.
(pdftex.def)             Requested size: 297.0pt x 136.00766pt.

Underfull \hbox (badness 10000) detected at line 125
[][][]
 []

 <./class_place_ae3f4dc1e2f30c4e745c184a58763c196_icgraph.pdf

pdfTeX warning: pdflatex.exe (file ./class_place_ae3f4dc1e2f30c4e745c184a58763c
196_icgraph.pdf): PDF inclusion: multiple pdfs with page group included in a si
ngle page
>
<class_place_ae3f4dc1e2f30c4e745c184a58763c196_icgraph.pdf, id=912, 280.04625pt
 x 136.51pt>
File: class_place_ae3f4dc1e2f30c4e745c184a58763c196_icgraph.pdf Graphic file (t
ype pdf)
<use class_place_ae3f4dc1e2f30c4e745c184a58763c196_icgraph.pdf>
Package pdftex.def Info: class_place_ae3f4dc1e2f30c4e745c184a58763c196_icgraph.
pdf  used on input line 133.
(pdftex.def)             Requested size: 279.0pt x 136.00557pt.
 [39]
Underfull \hbox (badness 10000) detected at line 146
[][][]
 []

 <./class_place_aa46179b1baf9d489e9b34043c90523d2_icgraph.pdf>
<class_place_aa46179b1baf9d489e9b34043c90523d2_icgraph.pdf, id=930, 290.08376pt
 x 136.51pt>
File: class_place_aa46179b1baf9d489e9b34043c90523d2_icgraph.pdf Graphic file (t
ype pdf)
<use class_place_aa46179b1baf9d489e9b34043c90523d2_icgraph.pdf>
Package pdftex.def Info: class_place_aa46179b1baf9d489e9b34043c90523d2_icgraph.
pdf  used on input line 154.
(pdftex.def)             Requested size: 289.0pt x 136.00766pt.

Underfull \hbox (badness 10000) detected at line 167
[][][]
 []

 <./class_place_a8b76dadeaa484e0334a3288797efc76f_icgraph.pdf

pdfTeX warning: pdflatex.exe (file ./class_place_a8b76dadeaa484e0334a3288797efc
76f_icgraph.pdf): PDF inclusion: multiple pdfs with page group included in a si
ngle page
>
<class_place_a8b76dadeaa484e0334a3288797efc76f_icgraph.pdf, id=939, 292.09125pt
 x 136.51pt>
File: class_place_a8b76dadeaa484e0334a3288797efc76f_icgraph.pdf Graphic file (t
ype pdf)
<use class_place_a8b76dadeaa484e0334a3288797efc76f_icgraph.pdf>
Package pdftex.def Info: class_place_a8b76dadeaa484e0334a3288797efc76f_icgraph.
pdf  used on input line 175.
(pdftex.def)             Requested size: 291.0pt x 136.01183pt.
 [40]
Underfull \hbox (badness 10000) detected at line 188
[][][]
 []


Underfull \hbox (badness 10000) detected at line 201
[][][]
 []

 <./class_place_a490c624a233118f90883626a7193deb9_icgraph.pdf>
<class_place_a490c624a233118f90883626a7193deb9_icgraph.pdf, id=956, 290.08376pt
 x 136.51pt>
File: class_place_a490c624a233118f90883626a7193deb9_icgraph.pdf Graphic file (t
ype pdf)
<use class_place_a490c624a233118f90883626a7193deb9_icgraph.pdf>
Package pdftex.def Info: class_place_a490c624a233118f90883626a7193deb9_icgraph.
pdf  used on input line 209.
(pdftex.def)             Requested size: 289.0pt x 136.00766pt.

Underfull \hbox (badness 10000) detected at line 222
[][][]
 []

 <./class_place_a30af4f22a364a36210b0d6b9a62561a1_icgraph.pdf

pdfTeX warning: pdflatex.exe (file ./class_place_a30af4f22a364a36210b0d6b9a6256
1a1_icgraph.pdf): PDF inclusion: multiple pdfs with page group included in a si
ngle page
>
<class_place_a30af4f22a364a36210b0d6b9a62561a1_icgraph.pdf, id=964, 302.12875pt
 x 136.51pt>
File: class_place_a30af4f22a364a36210b0d6b9a62561a1_icgraph.pdf Graphic file (t
ype pdf)
<use class_place_a30af4f22a364a36210b0d6b9a62561a1_icgraph.pdf>
Package pdftex.def Info: class_place_a30af4f22a364a36210b0d6b9a62561a1_icgraph.
pdf  used on input line 230.
(pdftex.def)             Requested size: 301.0pt x 135.99933pt.
 [41]

Package longtable Warning: Column widths have changed
(longtable)                in table 4.31 on input line 247.

 <./class_place_a2f003d9543d3d046847df5b6b1de0680_cgraph.pdf>
<class_place_a2f003d9543d3d046847df5b6b1de0680_cgraph.pdf, id=983, 302.12875pt 
x 285.065pt>
File: class_place_a2f003d9543d3d046847df5b6b1de0680_cgraph.pdf Graphic file (ty
pe pdf)
<use class_place_a2f003d9543d3d046847df5b6b1de0680_cgraph.pdf>
Package pdftex.def Info: class_place_a2f003d9543d3d046847df5b6b1de0680_cgraph.p
df  used on input line 253.
(pdftex.def)             Requested size: 301.0pt x 283.99861pt.
 [42]

Package longtable Warning: Column widths have changed
(longtable)                in table 4.32 on input line 270.


Underfull \hbox (badness 10000) detected at line 271
[][][]
 []


Underfull \hbox (badness 10000) detected at line 274
[][][]
 []

 <./class_place_a8251513e094314f8532cda0919923281_cgraph.pdf>
<class_place_a8251513e094314f8532cda0919923281_cgraph.pdf, id=1000, 339.2675pt 
x 136.51pt>
File: class_place_a8251513e094314f8532cda0919923281_cgraph.pdf Graphic file (ty
pe pdf)
<use class_place_a8251513e094314f8532cda0919923281_cgraph.pdf>
Package pdftex.def Info: class_place_a8251513e094314f8532cda0919923281_cgraph.p
df  used on input line 282.
(pdftex.def)             Requested size: 338.0pt x 136.00557pt.
 [43]

Package longtable Warning: Column widths have changed
(longtable)                in table 4.33 on input line 299.


Underfull \hbox (badness 10000) detected at line 300
[][][]
 []


Underfull \hbox (badness 10000) detected at line 303
[][][]
 []

 <./class_place_af76af3644870c3d2636e91e8d4da3187_cgraph.pdf>
<class_place_af76af3644870c3d2636e91e8d4da3187_cgraph.pdf, id=1018, 306.14375pt
 x 158.5925pt>
File: class_place_af76af3644870c3d2636e91e8d4da3187_cgraph.pdf Graphic file (ty
pe pdf)
<use class_place_af76af3644870c3d2636e91e8d4da3187_cgraph.pdf>
Package pdftex.def Info: class_place_af76af3644870c3d2636e91e8d4da3187_cgraph.p
df  used on input line 311.
(pdftex.def)             Requested size: 305.0pt x 158.00888pt.
 [44])
(./class_place_block.tex <./class_place_block__coll__graph.pdf>
<class_place_block__coll__graph.pdf, id=1034, 165.61874pt x 165.61874pt>
File: class_place_block__coll__graph.pdf Graphic file (type pdf)
<use class_place_block__coll__graph.pdf>
Package pdftex.def Info: class_place_block__coll__graph.pdf  used on input line
 10.
(pdftex.def)             Requested size: 165.0pt x 165.00676pt.
 [45]
Underfull \hbox (badness 10000) detected at line 56
[][][]
 []


Underfull \hbox (badness 10000) detected at line 59
[][][]
 []


Package longtable Warning: Column widths have changed
(longtable)                in table 4.34 on input line 75.


Underfull \hbox (badness 10000) detected at line 76
[][][]
 []

[46]
Underfull \hbox (badness 10000) detected at line 79
[][][]
 []


Underfull \hbox (badness 10000) detected at line 88
[][][]
 []


Underfull \hbox (badness 10000) detected at line 91
[][][]
 []


Underfull \hbox (badness 10000) in paragraph at lines 92--93

 []


Underfull \hbox (badness 10000) detected at line 101
[][][]
 []


Underfull \hbox (badness 10000) detected at line 104
[][][]
 []


Underfull \hbox (badness 10000) detected at line 113
[][][]
 []


Underfull \hbox (badness 10000) detected at line 116
[][][]
 []

 <./class_place_block_a5a38c5ec3d97b8ce097a623906e5b377_cgraph.pdf

pdfTeX warning: pdflatex.exe (file ./class_place_block_a5a38c5ec3d97b8ce097a623
906e5b377_cgraph.pdf): PDF inclusion: multiple pdfs with page group included in
 a single page
>
<class_place_block_a5a38c5ec3d97b8ce097a623906e5b377_cgraph.pdf, id=1086, 169.6
3374pt x 117.43875pt>
File: class_place_block_a5a38c5ec3d97b8ce097a623906e5b377_cgraph.pdf Graphic fi
le (type pdf)
<use class_place_block_a5a38c5ec3d97b8ce097a623906e5b377_cgraph.pdf>
Package pdftex.def Info: class_place_block_a5a38c5ec3d97b8ce097a623906e5b377_cg
raph.pdf  used on input line 124.
(pdftex.def)             Requested size: 169.0pt x 117.00478pt.
 [47] <./class_place_block_a5a38c5ec3d97b8ce097a623906e5b377_icgraph.pdf

pdfTeX warning: pdflatex.exe (file ./class_place_block_a5a38c5ec3d97b8ce097a623
906e5b377_icgraph.pdf): PDF inclusion: multiple pdfs with page group included i
n a single page
>
<class_place_block_a5a38c5ec3d97b8ce097a623906e5b377_icgraph.pdf, id=1101, 169.
63374pt x 117.43875pt>
File: class_place_block_a5a38c5ec3d97b8ce097a623906e5b377_icgraph.pdf Graphic f
ile (type pdf)
<use class_place_block_a5a38c5ec3d97b8ce097a623906e5b377_icgraph.pdf>
Package pdftex.def Info: class_place_block_a5a38c5ec3d97b8ce097a623906e5b377_ic
graph.pdf  used on input line 132.
(pdftex.def)             Requested size: 169.0pt x 117.00478pt.
 [48]) (./class_primary_key.tex <./class_primary_key__coll__graph.pdf>
<class_primary_key__coll__graph.pdf, id=1120, 223.83624pt x 165.61874pt>
File: class_primary_key__coll__graph.pdf Graphic file (type pdf)
<use class_primary_key__coll__graph.pdf>
Package pdftex.def Info: class_primary_key__coll__graph.pdf  used on input line
 10.
(pdftex.def)             Requested size: 223.0pt x 165.00423pt.
LaTeX Font Info:    Font shape `TS1/phv/m/it' in size <9> not available
(Font)              Font shape `TS1/phv/m/sl' tried instead on input line 35.
LaTeX Font Info:    Font shape `TS1/phv/m/sl' will be
(Font)              scaled to size 8.09995pt on input line 35.

[49]

Package longtable Warning: Column widths have changed
(longtable)                in table 4.35 on input line 77.

[50]
Underfull \hbox (badness 10000) detected at line 88
[][][]
 []


Underfull \hbox (badness 10000) detected at line 91
[][][]
 []


Package longtable Warning: Column widths have changed
(longtable)                in table 4.36 on input line 98.


Underfull \hbox (badness 10000) detected at line 99
[][][]
 []


Package longtable Warning: Column widths have changed
(longtable)                in table 4.37 on input line 118.


Underfull \hbox (badness 10000) detected at line 119
[][][]
 []


Package longtable Warning: Column widths have changed
(longtable)                in table 4.38 on input line 138.

[51]

Package longtable Warning: Column widths have changed
(longtable)                in table 4.39 on input line 153.


Underfull \hbox (badness 10000) detected at line 154
[][][]
 []

) [52]
Chapter 5.
(./block_buffer_8h_source.tex) (./_csv_buffer_8h_source.tex [53

])
(./enums_8h_source.tex) (./_header_8h_source.tex [54])
(./_header_buffer_8h_source.tex [55]) (./_length_indicated_buffer_8h_source.tex
) (./_length_indicated_file_8h_source.tex [56]) (./_place_8h_source.tex
[57]) (./_place_block_8h_source.tex) (./_primary_key_8h_source.tex) [58]
No file refman.ind.

Package longtable Warning: Table widths have changed. Rerun LaTeX.

(./refman.aux)

LaTeX Warning: There were undefined references.


LaTeX Warning: Label(s) may have changed. Rerun to get cross-references right.


Package rerunfilecheck Warning: File `refman.out' has changed.
(rerunfilecheck)                Rerun to get outlines right
(rerunfilecheck)                or use package `bookmark'.

Package rerunfilecheck Info: Checksums for `refman.out':
(rerunfilecheck)             Before: <no file>
(rerunfilecheck)             After:  560AD203AB7D0A3A696F0B7571C35080;22241.
 ) 
Here is how much of TeX's memory you used:
 18958 strings out of 475075
 334153 string characters out of 5783001
 649583 words of memory out of 5000000
 39520 multiletter control sequences out of 15000+600000
 529788 words of font info for 102 fonts, out of 8000000 for 9000
 1141 hyphenation exceptions out of 8191
 99i,16n,117p,498b,741s stack positions out of 10000i,1000n,20000p,200000b,200000s
{c:/texlive/2022/texmf-dist/fonts/enc/dvips/base/8r.enc}<c:/texlive/2022/texm
f-dist/fonts/type1/public/amsfonts/cm/cmmi10.pfb><c:/texlive/2022/texmf-dist/fo
nts/type1/public/amsfonts/cm/cmmi8.pfb><c:/texlive/2022/texmf-dist/fonts/type1/
public/amsfonts/cm/cmsy10.pfb><c:/texlive/2022/texmf-dist/fonts/type1/urw/couri
er/ucrb8a.pfb><c:/texlive/2022/texmf-dist/fonts/type1/urw/courier/ucrr8a.pfb><c
:/texlive/2022/texmf-dist/fonts/type1/urw/courier/ucrro8a.pfb><c:/texlive/2022/
texmf-dist/fonts/type1/urw/helvetic/uhvb8a.pfb><c:/texlive/2022/texmf-dist/font
s/type1/urw/helvetic/uhvb8ac.pfb><c:/texlive/2022/texmf-dist/fonts/type1/urw/he
lvetic/uhvr8a.pfb><c:/texlive/2022/texmf-dist/fonts/type1/urw/helvetic/uhvro8a.
pfb>
Output written on refman.pdf (60 pages, 803131 bytes).
PDF statistics:
 1510 PDF objects out of 1728 (max. 8388607)
 1273 compressed objects within 13 object streams
 455 named destinations out of 1000 (max. 500000)
 231 words of extra memory for PDF output out of 10000 (max. 10000000)

