\BOOKMARK [0][-]{chapter.1}{\376\377\0001\000\040\000r\000e\000a\000d\000m\000e}{}% 1
\BOOKMARK [1][-]{subsection.1.0.1}{\376\377\0001\000.\0000\000.\0001\000\040\000F\000o\000r\000\040\000e\000x\000a\000m\000p\000l\000e\000,\000\040\000u\000s\000i\000n\000g\000\040\000t\000h\000e\000s\000e\000\040\000t\000w\000o\000\040\000z\000i\000p\000\040\000c\000o\000d\000e\000s\000\040\000o\000n\000\040\000t\000h\000e\000\040\000f\000i\000l\000e\000\040\000p\000r\000o\000v\000i\000d\000e\000d\000,\000\040\000t\000h\000e\000\040\000o\000u\000t\000p\000u\000t\000\040\000w\000i\000l\000l\000\040\000l\000o\000o\000k\000\040\000l\000i\000k\000e}{chapter.1}% 2
\BOOKMARK [2][-]{subsection.1.0.2}{\376\377\0001\000.\0000\000.\0002\000\040\000Z\000i\000p\000\040\000P\000l\000a\000c\000e\000\040\000N\000a\000m\000e\000S\000t\000a\000t\000e\000\040\000C\000o\000u\000n\000t\000y\000\040\000L\000a\000t\000i\000t\000u\000d\000e\000\040\000L\000o\000n\000g\000i\000t\000u\000d\000e}{subsection.1.0.1}% 3
\BOOKMARK [2][-]{subsection.1.0.3}{\376\377\0001\000.\0000\000.\0003\000\040\0004\0002\0004\0004\0004\000\040\000P\000o\000o\000l\000e\000\040\000K\000Y\000\040\000W\000e\000b\000s\000t\000e\000r\000\040\0003\0007\000.\0006\0004\0001\000\040\000-\0008\0007\000.\0006\0004\0003\0009}{subsection.1.0.1}% 4
\BOOKMARK [0][-]{chapter.2}{\376\377\0002\000\040\000C\000l\000a\000s\000s\000\040\000I\000n\000d\000e\000x}{}% 5
\BOOKMARK [1][-]{section.2.1}{\376\377\0002\000.\0001\000\040\000C\000l\000a\000s\000s\000\040\000L\000i\000s\000t}{chapter.2}% 6
\BOOKMARK [0][-]{chapter.3}{\376\377\0003\000\040\000F\000i\000l\000e\000\040\000I\000n\000d\000e\000x}{}% 7
\BOOKMARK [1][-]{section.3.1}{\376\377\0003\000.\0001\000\040\000F\000i\000l\000e\000\040\000L\000i\000s\000t}{chapter.3}% 8
\BOOKMARK [0][-]{chapter.4}{\376\377\0004\000\040\000C\000l\000a\000s\000s\000\040\000D\000o\000c\000u\000m\000e\000n\000t\000a\000t\000i\000o\000n}{}% 9
\BOOKMARK [1][-]{section.4.1}{\376\377\0004\000.\0001\000\040\000B\000l\000o\000c\000k\000B\000u\000f\000f\000e\000r\000\040\000C\000l\000a\000s\000s\000\040\000R\000e\000f\000e\000r\000e\000n\000c\000e}{chapter.4}% 10
\BOOKMARK [2][-]{subsection.4.1.1}{\376\377\0004\000.\0001\000.\0001\000\040\000C\000o\000n\000s\000t\000r\000u\000c\000t\000o\000r\000\040\000\046\000\040\000D\000e\000s\000t\000r\000u\000c\000t\000o\000r\000\040\000D\000o\000c\000u\000m\000e\000n\000t\000a\000t\000i\000o\000n}{section.4.1}% 11
\BOOKMARK [3][-]{subsubsection.4.1.1.1}{\376\377\0004\000.\0001\000.\0001\000.\0001\000\040\000B\000l\000o\000c\000k\000B\000u\000f\000f\000e\000r\000\050\000\051\000\040\000[\0001\000/\0002\000]}{subsection.4.1.1}% 12
\BOOKMARK [3][-]{subsubsection.4.1.1.2}{\376\377\0004\000.\0001\000.\0001\000.\0002\000\040\000B\000l\000o\000c\000k\000B\000u\000f\000f\000e\000r\000\050\000\051\000\040\000[\0002\000/\0002\000]}{subsection.4.1.1}% 13
\BOOKMARK [2][-]{subsection.4.1.2}{\376\377\0004\000.\0001\000.\0002\000\040\000M\000e\000m\000b\000e\000r\000\040\000F\000u\000n\000c\000t\000i\000o\000n\000\040\000D\000o\000c\000u\000m\000e\000n\000t\000a\000t\000i\000o\000n}{section.4.1}% 14
\BOOKMARK [3][-]{subsubsection.4.1.2.1}{\376\377\0004\000.\0001\000.\0002\000.\0001\000\040\000c\000l\000e\000a\000r\000\050\000\051}{subsection.4.1.2}% 15
\BOOKMARK [3][-]{subsubsection.4.1.2.2}{\376\377\0004\000.\0001\000.\0002\000.\0002\000\040\000p\000a\000c\000k\000\050\000\051\000\040\000[\0001\000/\0002\000]}{subsection.4.1.2}% 16
\BOOKMARK [3][-]{subsubsection.4.1.2.3}{\376\377\0004\000.\0001\000.\0002\000.\0003\000\040\000p\000a\000c\000k\000\050\000\051\000\040\000[\0002\000/\0002\000]}{subsection.4.1.2}% 17
\BOOKMARK [3][-]{subsubsection.4.1.2.4}{\376\377\0004\000.\0001\000.\0002\000.\0004\000\040\000p\000r\000o\000c\000e\000s\000s\000B\000l\000o\000c\000k\000H\000e\000a\000d\000e\000r\000\050\000\051}{subsection.4.1.2}% 18
\BOOKMARK [3][-]{subsubsection.4.1.2.5}{\376\377\0004\000.\0001\000.\0002\000.\0005\000\040\000r\000e\000a\000d\000\050\000\051\000\040\000[\0001\000/\0002\000]}{subsection.4.1.2}% 19
\BOOKMARK [3][-]{subsubsection.4.1.2.6}{\376\377\0004\000.\0001\000.\0002\000.\0006\000\040\000r\000e\000a\000d\000\050\000\051\000\040\000[\0002\000/\0002\000]}{subsection.4.1.2}% 20
\BOOKMARK [3][-]{subsubsection.4.1.2.7}{\376\377\0004\000.\0001\000.\0002\000.\0007\000\040\000s\000e\000t\000B\000l\000o\000c\000k\000H\000e\000a\000d\000e\000r\000\050\000\051}{subsection.4.1.2}% 21
\BOOKMARK [3][-]{subsubsection.4.1.2.8}{\376\377\0004\000.\0001\000.\0002\000.\0008\000\040\000s\000e\000t\000P\000r\000e\000c\000e\000d\000i\000n\000g\000B\000l\000o\000c\000k\000\050\000\051}{subsection.4.1.2}% 22
\BOOKMARK [3][-]{subsubsection.4.1.2.9}{\376\377\0004\000.\0001\000.\0002\000.\0009\000\040\000s\000e\000t\000S\000u\000c\000c\000e\000e\000d\000i\000n\000g\000B\000l\000o\000c\000k\000\050\000\051}{subsection.4.1.2}% 23
\BOOKMARK [3][-]{subsubsection.4.1.2.10}{\376\377\0004\000.\0001\000.\0002\000.\0001\0000\000\040\000u\000n\000p\000a\000c\000k\000\050\000\051}{subsection.4.1.2}% 24
\BOOKMARK [3][-]{subsubsection.4.1.2.11}{\376\377\0004\000.\0001\000.\0002\000.\0001\0001\000\040\000w\000r\000i\000t\000e\000\050\000\051}{subsection.4.1.2}% 25
\BOOKMARK [2][-]{subsection.4.1.3}{\376\377\0004\000.\0001\000.\0003\000\040\000M\000e\000m\000b\000e\000r\000\040\000D\000a\000t\000a\000\040\000D\000o\000c\000u\000m\000e\000n\000t\000a\000t\000i\000o\000n}{section.4.1}% 26
\BOOKMARK [3][-]{subsubsection.4.1.3.1}{\376\377\0004\000.\0001\000.\0003\000.\0001\000\040\000b\000l\000o\000c\000k\000H\000e\000a\000d\000e\000r}{subsection.4.1.3}% 27
\BOOKMARK [3][-]{subsubsection.4.1.3.2}{\376\377\0004\000.\0001\000.\0003\000.\0002\000\040\000c\000u\000r\000r}{subsection.4.1.3}% 28
\BOOKMARK [3][-]{subsubsection.4.1.3.3}{\376\377\0004\000.\0001\000.\0003\000.\0003\000\040\000h\000e\000a\000d\000e\000r}{subsection.4.1.3}% 29
\BOOKMARK [3][-]{subsubsection.4.1.3.4}{\376\377\0004\000.\0001\000.\0003\000.\0004\000\040\000l\000e\000n\000g\000t\000h}{subsection.4.1.3}% 30
\BOOKMARK [3][-]{subsubsection.4.1.3.5}{\376\377\0004\000.\0001\000.\0003\000.\0005\000\040\000R\000B\000N}{subsection.4.1.3}% 31
\BOOKMARK [3][-]{subsubsection.4.1.3.6}{\376\377\0004\000.\0001\000.\0003\000.\0006\000\040\000u\000n\000p\000a\000c\000k\000e\000d\000R\000e\000c\000o\000r\000d\000s}{subsection.4.1.3}% 32
\BOOKMARK [1][-]{section.4.2}{\376\377\0004\000.\0002\000\040\000C\000s\000v\000B\000u\000f\000f\000e\000r\000\040\000C\000l\000a\000s\000s\000\040\000R\000e\000f\000e\000r\000e\000n\000c\000e}{chapter.4}% 33
\BOOKMARK [2][-]{subsection.4.2.1}{\376\377\0004\000.\0002\000.\0001\000\040\000C\000o\000n\000s\000t\000r\000u\000c\000t\000o\000r\000\040\000\046\000\040\000D\000e\000s\000t\000r\000u\000c\000t\000o\000r\000\040\000D\000o\000c\000u\000m\000e\000n\000t\000a\000t\000i\000o\000n}{section.4.2}% 34
\BOOKMARK [3][-]{subsubsection.4.2.1.1}{\376\377\0004\000.\0002\000.\0001\000.\0001\000\040\000C\000s\000v\000B\000u\000f\000f\000e\000r\000\050\000\051}{subsection.4.2.1}% 35
\BOOKMARK [2][-]{subsection.4.2.2}{\376\377\0004\000.\0002\000.\0002\000\040\000M\000e\000m\000b\000e\000r\000\040\000F\000u\000n\000c\000t\000i\000o\000n\000\040\000D\000o\000c\000u\000m\000e\000n\000t\000a\000t\000i\000o\000n}{section.4.2}% 36
\BOOKMARK [3][-]{subsubsection.4.2.2.1}{\376\377\0004\000.\0002\000.\0002\000.\0001\000\040\000g\000e\000t\000C\000u\000r\000F\000i\000e\000l\000d\000H\000e\000a\000d\000e\000r\000\050\000\051}{subsection.4.2.2}% 37
\BOOKMARK [3][-]{subsubsection.4.2.2.2}{\376\377\0004\000.\0002\000.\0002\000.\0002\000\040\000i\000n\000i\000t\000\050\000\051}{subsection.4.2.2}% 38
\BOOKMARK [3][-]{subsubsection.4.2.2.3}{\376\377\0004\000.\0002\000.\0002\000.\0003\000\040\000r\000e\000a\000d\000\050\000\051}{subsection.4.2.2}% 39
\BOOKMARK [3][-]{subsubsection.4.2.2.4}{\376\377\0004\000.\0002\000.\0002\000.\0004\000\040\000r\000e\000a\000d\000H\000e\000a\000d\000e\000r\000\050\000\051}{subsection.4.2.2}% 40
\BOOKMARK [3][-]{subsubsection.4.2.2.5}{\376\377\0004\000.\0002\000.\0002\000.\0005\000\040\000u\000n\000p\000a\000c\000k\000\050\000\051}{subsection.4.2.2}% 41
\BOOKMARK [2][-]{subsection.4.2.3}{\376\377\0004\000.\0002\000.\0003\000\040\000M\000e\000m\000b\000e\000r\000\040\000D\000a\000t\000a\000\040\000D\000o\000c\000u\000m\000e\000n\000t\000a\000t\000i\000o\000n}{section.4.2}% 42
\BOOKMARK [3][-]{subsubsection.4.2.3.1}{\376\377\0004\000.\0002\000.\0003\000.\0001\000\040\000f\000i\000e\000l\000d\000N\000u\000m}{subsection.4.2.3}% 43
\BOOKMARK [1][-]{section.4.3}{\376\377\0004\000.\0003\000\040\000F\000i\000e\000l\000d\000I\000n\000f\000o\000\040\000S\000t\000r\000u\000c\000t\000\040\000R\000e\000f\000e\000r\000e\000n\000c\000e}{chapter.4}% 44
\BOOKMARK [1][-]{section.4.4}{\376\377\0004\000.\0004\000\040\000F\000i\000l\000e\000I\000n\000f\000o\000\040\000S\000t\000r\000u\000c\000t\000\040\000R\000e\000f\000e\000r\000e\000n\000c\000e}{chapter.4}% 45
\BOOKMARK [1][-]{section.4.5}{\376\377\0004\000.\0005\000\040\000H\000e\000a\000d\000e\000r\000\040\000S\000t\000r\000u\000c\000t\000\040\000R\000e\000f\000e\000r\000e\000n\000c\000e}{chapter.4}% 46
\BOOKMARK [1][-]{section.4.6}{\376\377\0004\000.\0006\000\040\000H\000e\000a\000d\000e\000r\000B\000u\000f\000f\000e\000r\000\040\000C\000l\000a\000s\000s\000\040\000R\000e\000f\000e\000r\000e\000n\000c\000e}{chapter.4}% 47
\BOOKMARK [2][-]{subsection.4.6.1}{\376\377\0004\000.\0006\000.\0001\000\040\000M\000e\000m\000b\000e\000r\000\040\000F\000u\000n\000c\000t\000i\000o\000n\000\040\000D\000o\000c\000u\000m\000e\000n\000t\000a\000t\000i\000o\000n}{section.4.6}% 48
\BOOKMARK [3][-]{subsubsection.4.6.1.1}{\376\377\0004\000.\0006\000.\0001\000.\0001\000\040\000r\000e\000a\000d\000\050\000\051}{subsection.4.6.1}% 49
\BOOKMARK [3][-]{subsubsection.4.6.1.2}{\376\377\0004\000.\0006\000.\0001\000.\0002\000\040\000u\000n\000p\000a\000c\000k\000\050\000\051}{subsection.4.6.1}% 50
\BOOKMARK [1][-]{section.4.7}{\376\377\0004\000.\0007\000\040\000H\000e\000a\000d\000e\000r\000I\000n\000f\000o\000\040\000S\000t\000r\000u\000c\000t\000\040\000R\000e\000f\000e\000r\000e\000n\000c\000e}{chapter.4}% 51
\BOOKMARK [1][-]{section.4.8}{\376\377\0004\000.\0008\000\040\000P\000r\000i\000m\000a\000r\000y\000K\000e\000y\000:\000:\000I\000n\000d\000e\000x\000F\000i\000l\000e\000H\000e\000a\000d\000e\000r\000\040\000S\000t\000r\000u\000c\000t\000\040\000R\000e\000f\000e\000r\000e\000n\000c\000e}{chapter.4}% 52
\BOOKMARK [1][-]{section.4.9}{\376\377\0004\000.\0009\000\040\000P\000r\000i\000m\000a\000r\000y\000K\000e\000y\000:\000:\000K\000e\000y\000S\000t\000r\000u\000c\000t\000\040\000S\000t\000r\000u\000c\000t\000\040\000R\000e\000f\000e\000r\000e\000n\000c\000e}{chapter.4}% 53
\BOOKMARK [1][-]{section.4.10}{\376\377\0004\000.\0001\0000\000\040\000L\000e\000n\000g\000t\000h\000I\000n\000d\000i\000c\000a\000t\000e\000d\000B\000u\000f\000f\000e\000r\000\040\000C\000l\000a\000s\000s\000\040\000R\000e\000f\000e\000r\000e\000n\000c\000e}{chapter.4}% 54
\BOOKMARK [2][-]{subsection.4.10.1}{\376\377\0004\000.\0001\0000\000.\0001\000\040\000C\000o\000n\000s\000t\000r\000u\000c\000t\000o\000r\000\040\000\046\000\040\000D\000e\000s\000t\000r\000u\000c\000t\000o\000r\000\040\000D\000o\000c\000u\000m\000e\000n\000t\000a\000t\000i\000o\000n}{section.4.10}% 55
\BOOKMARK [3][-]{subsubsection.4.10.1.1}{\376\377\0004\000.\0001\0000\000.\0001\000.\0001\000\040\000L\000e\000n\000g\000t\000h\000I\000n\000d\000i\000c\000a\000t\000e\000d\000B\000u\000f\000f\000e\000r\000\050\000\051}{subsection.4.10.1}% 56
\BOOKMARK [2][-]{subsection.4.10.2}{\376\377\0004\000.\0001\0000\000.\0002\000\040\000M\000e\000m\000b\000e\000r\000\040\000F\000u\000n\000c\000t\000i\000o\000n\000\040\000D\000o\000c\000u\000m\000e\000n\000t\000a\000t\000i\000o\000n}{section.4.10}% 57
\BOOKMARK [3][-]{subsubsection.4.10.2.1}{\376\377\0004\000.\0001\0000\000.\0002\000.\0001\000\040\000c\000h\000e\000c\000k\000F\000i\000l\000e\000T\000y\000p\000e\000\050\000\051}{subsection.4.10.2}% 58
\BOOKMARK [3][-]{subsubsection.4.10.2.2}{\376\377\0004\000.\0001\0000\000.\0002\000.\0002\000\040\000c\000l\000e\000a\000r\000\050\000\051}{subsection.4.10.2}% 59
\BOOKMARK [3][-]{subsubsection.4.10.2.3}{\376\377\0004\000.\0001\0000\000.\0002\000.\0003\000\040\000g\000e\000t\000C\000u\000r\000F\000i\000e\000l\000d\000H\000e\000a\000d\000e\000r\000\050\000\051}{subsection.4.10.2}% 60
\BOOKMARK [3][-]{subsubsection.4.10.2.4}{\376\377\0004\000.\0001\0000\000.\0002\000.\0004\000\040\000g\000e\000t\000I\000n\000d\000e\000x\000F\000i\000l\000e\000N\000a\000m\000e\000\050\000\051}{subsection.4.10.2}% 61
\BOOKMARK [3][-]{subsubsection.4.10.2.5}{\376\377\0004\000.\0001\0000\000.\0002\000.\0005\000\040\000i\000n\000i\000t\000\050\000\051}{subsection.4.10.2}% 62
\BOOKMARK [3][-]{subsubsection.4.10.2.6}{\376\377\0004\000.\0001\0000\000.\0002\000.\0006\000\040\000p\000a\000c\000k\000\050\000\051}{subsection.4.10.2}% 63
\BOOKMARK [3][-]{subsubsection.4.10.2.7}{\376\377\0004\000.\0001\0000\000.\0002\000.\0007\000\040\000r\000e\000a\000d\000\050\000\051\000\040\000[\0001\000/\0002\000]}{subsection.4.10.2}% 64
\BOOKMARK [3][-]{subsubsection.4.10.2.8}{\376\377\0004\000.\0001\0000\000.\0002\000.\0008\000\040\000r\000e\000a\000d\000\050\000\051\000\040\000[\0002\000/\0002\000]}{subsection.4.10.2}% 65
\BOOKMARK [3][-]{subsubsection.4.10.2.9}{\376\377\0004\000.\0001\0000\000.\0002\000.\0009\000\040\000u\000n\000p\000a\000c\000k\000\050\000\051}{subsection.4.10.2}% 66
\BOOKMARK [3][-]{subsubsection.4.10.2.10}{\376\377\0004\000.\0001\0000\000.\0002\000.\0001\0000\000\040\000w\000r\000i\000t\000e\000\050\000\051}{subsection.4.10.2}% 67
\BOOKMARK [3][-]{subsubsection.4.10.2.11}{\376\377\0004\000.\0001\0000\000.\0002\000.\0001\0001\000\040\000w\000r\000i\000t\000e\000H\000e\000a\000d\000e\000r\000\050\000\051}{subsection.4.10.2}% 68
\BOOKMARK [1][-]{section.4.11}{\376\377\0004\000.\0001\0001\000\040\000L\000e\000n\000g\000t\000h\000I\000n\000d\000i\000c\000a\000t\000e\000d\000F\000i\000l\000e\000\040\000C\000l\000a\000s\000s\000\040\000R\000e\000f\000e\000r\000e\000n\000c\000e}{chapter.4}% 69
\BOOKMARK [1][-]{section.4.12}{\376\377\0004\000.\0001\0002\000\040\000P\000l\000a\000c\000e\000\040\000C\000l\000a\000s\000s\000\040\000R\000e\000f\000e\000r\000e\000n\000c\000e}{chapter.4}% 70
\BOOKMARK [2][-]{subsection.4.12.1}{\376\377\0004\000.\0001\0002\000.\0001\000\040\000C\000o\000n\000s\000t\000r\000u\000c\000t\000o\000r\000\040\000\046\000\040\000D\000e\000s\000t\000r\000u\000c\000t\000o\000r\000\040\000D\000o\000c\000u\000m\000e\000n\000t\000a\000t\000i\000o\000n}{section.4.12}% 71
\BOOKMARK [3][-]{subsubsection.4.12.1.1}{\376\377\0004\000.\0001\0002\000.\0001\000.\0001\000\040\000P\000l\000a\000c\000e\000\050\000\051}{subsection.4.12.1}% 72
\BOOKMARK [2][-]{subsection.4.12.2}{\376\377\0004\000.\0001\0002\000.\0002\000\040\000M\000e\000m\000b\000e\000r\000\040\000F\000u\000n\000c\000t\000i\000o\000n\000\040\000D\000o\000c\000u\000m\000e\000n\000t\000a\000t\000i\000o\000n}{section.4.12}% 73
\BOOKMARK [3][-]{subsubsection.4.12.2.1}{\376\377\0004\000.\0001\0002\000.\0002\000.\0001\000\040\000g\000e\000t\000C\000o\000u\000n\000t\000y\000\050\000\051}{subsection.4.12.2}% 74
\BOOKMARK [3][-]{subsubsection.4.12.2.2}{\376\377\0004\000.\0001\0002\000.\0002\000.\0002\000\040\000g\000e\000t\000L\000a\000t\000\050\000\051}{subsection.4.12.2}% 75
\BOOKMARK [3][-]{subsubsection.4.12.2.3}{\376\377\0004\000.\0001\0002\000.\0002\000.\0003\000\040\000g\000e\000t\000L\000o\000n\000g\000i\000\050\000\051}{subsection.4.12.2}% 76
\BOOKMARK [3][-]{subsubsection.4.12.2.4}{\376\377\0004\000.\0001\0002\000.\0002\000.\0004\000\040\000g\000e\000t\000N\000a\000m\000e\000\050\000\051}{subsection.4.12.2}% 77
\BOOKMARK [3][-]{subsubsection.4.12.2.5}{\376\377\0004\000.\0001\0002\000.\0002\000.\0005\000\040\000g\000e\000t\000S\000i\000z\000e\000\050\000\051}{subsection.4.12.2}% 78
\BOOKMARK [3][-]{subsubsection.4.12.2.6}{\376\377\0004\000.\0001\0002\000.\0002\000.\0006\000\040\000g\000e\000t\000S\000t\000a\000t\000e\000\050\000\051}{subsection.4.12.2}% 79
\BOOKMARK [3][-]{subsubsection.4.12.2.7}{\376\377\0004\000.\0001\0002\000.\0002\000.\0007\000\040\000g\000e\000t\000Z\000i\000p\000C\000o\000d\000e\000\050\000\051}{subsection.4.12.2}% 80
\BOOKMARK [3][-]{subsubsection.4.12.2.8}{\376\377\0004\000.\0001\0002\000.\0002\000.\0008\000\040\000o\000p\000e\000r\000a\000t\000o\000r\000=\000\050\000\051}{subsection.4.12.2}% 81
\BOOKMARK [3][-]{subsubsection.4.12.2.9}{\376\377\0004\000.\0001\0002\000.\0002\000.\0009\000\040\000u\000n\000p\000a\000c\000k\000\050\000\051\000\040\000[\0001\000/\0002\000]}{subsection.4.12.2}% 82
\BOOKMARK [3][-]{subsubsection.4.12.2.10}{\376\377\0004\000.\0001\0002\000.\0002\000.\0001\0000\000\040\000u\000n\000p\000a\000c\000k\000\050\000\051\000\040\000[\0002\000/\0002\000]}{subsection.4.12.2}% 83
\BOOKMARK [1][-]{section.4.13}{\376\377\0004\000.\0001\0003\000\040\000P\000l\000a\000c\000e\000B\000l\000o\000c\000k\000\040\000C\000l\000a\000s\000s\000\040\000R\000e\000f\000e\000r\000e\000n\000c\000e}{chapter.4}% 84
\BOOKMARK [2][-]{subsection.4.13.1}{\376\377\0004\000.\0001\0003\000.\0001\000\040\000C\000o\000n\000s\000t\000r\000u\000c\000t\000o\000r\000\040\000\046\000\040\000D\000e\000s\000t\000r\000u\000c\000t\000o\000r\000\040\000D\000o\000c\000u\000m\000e\000n\000t\000a\000t\000i\000o\000n}{section.4.13}% 85
\BOOKMARK [3][-]{subsubsection.4.13.1.1}{\376\377\0004\000.\0001\0003\000.\0001\000.\0001\000\040\000P\000l\000a\000c\000e\000B\000l\000o\000c\000k\000\050\000\051}{subsection.4.13.1}% 86
\BOOKMARK [2][-]{subsection.4.13.2}{\376\377\0004\000.\0001\0003\000.\0002\000\040\000M\000e\000m\000b\000e\000r\000\040\000F\000u\000n\000c\000t\000i\000o\000n\000\040\000D\000o\000c\000u\000m\000e\000n\000t\000a\000t\000i\000o\000n}{section.4.13}% 87
\BOOKMARK [3][-]{subsubsection.4.13.2.1}{\376\377\0004\000.\0001\0003\000.\0002\000.\0001\000\040\000g\000e\000t\000R\000e\000c\000o\000r\000d\000\050\000\051}{subsection.4.13.2}% 88
\BOOKMARK [3][-]{subsubsection.4.13.2.2}{\376\377\0004\000.\0001\0003\000.\0002\000.\0002\000\040\000g\000e\000t\000S\000i\000z\000e\000\050\000\051}{subsection.4.13.2}% 89
\BOOKMARK [3][-]{subsubsection.4.13.2.3}{\376\377\0004\000.\0001\0003\000.\0002\000.\0003\000\040\000p\000r\000i\000n\000t\000\050\000\051}{subsection.4.13.2}% 90
\BOOKMARK [3][-]{subsubsection.4.13.2.4}{\376\377\0004\000.\0001\0003\000.\0002\000.\0004\000\040\000s\000o\000r\000t\000\050\000\051}{subsection.4.13.2}% 91
\BOOKMARK [2][-]{subsection.4.13.3}{\376\377\0004\000.\0001\0003\000.\0003\000\040\000M\000e\000m\000b\000e\000r\000\040\000D\000a\000t\000a\000\040\000D\000o\000c\000u\000m\000e\000n\000t\000a\000t\000i\000o\000n}{section.4.13}% 92
\BOOKMARK [3][-]{subsubsection.4.13.3.1}{\376\377\0004\000.\0001\0003\000.\0003\000.\0001\000\040\000b\000l\000o\000c\000k\000H\000e\000a\000d\000e\000r}{subsection.4.13.3}% 93
\BOOKMARK [3][-]{subsubsection.4.13.3.2}{\376\377\0004\000.\0001\0003\000.\0003\000.\0002\000\040\000h\000i\000g\000h\000e\000s\000t\000K\000e\000y}{subsection.4.13.3}% 94
\BOOKMARK [3][-]{subsubsection.4.13.3.3}{\376\377\0004\000.\0001\0003\000.\0003\000.\0003\000\040\000p\000l\000a\000c\000e\000B\000l\000o\000c\000k}{subsection.4.13.3}% 95
\BOOKMARK [1][-]{section.4.14}{\376\377\0004\000.\0001\0004\000\040\000P\000r\000i\000m\000a\000r\000y\000K\000e\000y\000\040\000C\000l\000a\000s\000s\000\040\000R\000e\000f\000e\000r\000e\000n\000c\000e}{chapter.4}% 96
\BOOKMARK [2][-]{subsection.4.14.1}{\376\377\0004\000.\0001\0004\000.\0001\000\040\000M\000e\000m\000b\000e\000r\000\040\000F\000u\000n\000c\000t\000i\000o\000n\000\040\000D\000o\000c\000u\000m\000e\000n\000t\000a\000t\000i\000o\000n}{section.4.14}% 97
\BOOKMARK [3][-]{subsubsection.4.14.1.1}{\376\377\0004\000.\0001\0004\000.\0001\000.\0001\000\040\000A\000d\000d\000\050\000\051}{subsection.4.14.1}% 98
\BOOKMARK [3][-]{subsubsection.4.14.1.2}{\376\377\0004\000.\0001\0004\000.\0001\000.\0002\000\040\000B\000i\000n\000a\000r\000y\000S\000e\000a\000r\000c\000h\000\050\000\051}{subsection.4.14.1}% 99
\BOOKMARK [3][-]{subsubsection.4.14.1.3}{\376\377\0004\000.\0001\0004\000.\0001\000.\0003\000\040\000F\000i\000n\000d\000\050\000\051}{subsection.4.14.1}% 100
\BOOKMARK [3][-]{subsubsection.4.14.1.4}{\376\377\0004\000.\0001\0004\000.\0001\000.\0004\000\040\000G\000e\000n\000e\000r\000a\000t\000e\000I\000n\000d\000e\000x\000F\000i\000l\000e\000\050\000\051}{subsection.4.14.1}% 101
\BOOKMARK [3][-]{subsubsection.4.14.1.5}{\376\377\0004\000.\0001\0004\000.\0001\000.\0005\000\040\000R\000e\000a\000d\000I\000n\000d\000e\000x\000F\000i\000l\000e\000\050\000\051}{subsection.4.14.1}% 102
\BOOKMARK [0][-]{chapter.5}{\376\377\0005\000\040\000F\000i\000l\000e\000\040\000D\000o\000c\000u\000m\000e\000n\000t\000a\000t\000i\000o\000n}{}% 103
\BOOKMARK [1][-]{section.5.1}{\376\377\0005\000.\0001\000\040\000b\000l\000o\000c\000k\000B\000u\000f\000f\000e\000r\000.\000h}{chapter.5}% 104
\BOOKMARK [1][-]{section.5.2}{\376\377\0005\000.\0002\000\040\000C\000s\000v\000B\000u\000f\000f\000e\000r\000.\000h}{chapter.5}% 105
\BOOKMARK [1][-]{section.5.3}{\376\377\0005\000.\0003\000\040\000e\000n\000u\000m\000s\000.\000h}{chapter.5}% 106
\BOOKMARK [1][-]{section.5.4}{\376\377\0005\000.\0004\000\040\000H\000e\000a\000d\000e\000r\000.\000h}{chapter.5}% 107
\BOOKMARK [1][-]{section.5.5}{\376\377\0005\000.\0005\000\040\000H\000e\000a\000d\000e\000r\000B\000u\000f\000f\000e\000r\000.\000h}{chapter.5}% 108
\BOOKMARK [1][-]{section.5.6}{\376\377\0005\000.\0006\000\040\000L\000e\000n\000g\000t\000h\000I\000n\000d\000i\000c\000a\000t\000e\000d\000B\000u\000f\000f\000e\000r\000.\000h}{chapter.5}% 109
\BOOKMARK [1][-]{section.5.7}{\376\377\0005\000.\0007\000\040\000L\000e\000n\000g\000t\000h\000I\000n\000d\000i\000c\000a\000t\000e\000d\000F\000i\000l\000e\000.\000h}{chapter.5}% 110
\BOOKMARK [1][-]{section.5.8}{\376\377\0005\000.\0008\000\040\000P\000l\000a\000c\000e\000.\000h}{chapter.5}% 111
\BOOKMARK [1][-]{section.5.9}{\376\377\0005\000.\0009\000\040\000P\000l\000a\000c\000e\000B\000l\000o\000c\000k\000.\000h}{chapter.5}% 112
\BOOKMARK [1][-]{section.5.10}{\376\377\0005\000.\0001\0000\000\040\000P\000r\000i\000m\000a\000r\000y\000K\000e\000y\000.\000h}{chapter.5}% 113
